/Applications/Xcode_26.1.1.app/Contents/Developer/usr/bin/make PREPARE_ARGS=-a prepare
dotnet run -p:Configuration=Debug -v:n  -bl:"/Users/simonrozsival/Projects/dotnet/android//bin/BuildDebug/msbuild-`date +%Y%m%dT%H%M%S`-prepare-run.binlog"   --project "build-tools/xaprepare/xaprepare/xaprepare.csproj" --framework net10.0 --  -a
Build started 1/24/2026 1:38:34 PM.
     1>Project "/Users/simonrozsival/Projects/dotnet/android/build-tools/xaprepare/xaprepare/xaprepare.csproj" on node 1 (Restore target(s)).
     1>_GetAllRestoreProjectPathItems:
         Determining projects to restore...
     1>Project "/Users/simonrozsival/Projects/dotnet/android/build-tools/xaprepare/xaprepare/xaprepare.csproj" (1) is building "/Users/simonrozsival/Projects/dotnet/android/build-tools/xaprepare/xaprepare/xaprepare.csproj" (1:5) on node 1 (_GenerateRestoreGraphProjectEntry target(s)).
     1>/usr/local/share/dotnet/sdk/10.0.101/Sdks/Microsoft.NET.Sdk/targets/Microsoft.NET.Sdk.FrameworkReferenceResolution.targets(190,5): error MSB4018: The "ResolveAppHosts" task failed unexpectedly. [/Users/simonrozsival/Projects/dotnet/android/build-tools/xaprepare/xaprepare/xaprepare.csproj]
/usr/local/share/dotnet/sdk/10.0.101/Sdks/Microsoft.NET.Sdk/targets/Microsoft.NET.Sdk.FrameworkReferenceResolution.targets(190,5): error MSB4018: System.IO.FileNotFoundException: Could not load file or assembly 'System.ObjectModel, Version=6.0.0.0, Culture=neutral, PublicKeyToken=b03f5f7f11d50a3a'. The system cannot find the file specified. [/Users/simonrozsival/Projects/dotnet/android/build-tools/xaprepare/xaprepare/xaprepare.csproj]
/usr/local/share/dotnet/sdk/10.0.101/Sdks/Microsoft.NET.Sdk/targets/Microsoft.NET.Sdk.FrameworkReferenceResolution.targets(190,5): error MSB4018:  [/Users/simonrozsival/Projects/dotnet/android/build-tools/xaprepare/xaprepare/xaprepare.csproj]
/usr/local/share/dotnet/sdk/10.0.101/Sdks/Microsoft.NET.Sdk/targets/Microsoft.NET.Sdk.FrameworkReferenceResolution.targets(190,5): error MSB4018: File name: 'System.ObjectModel, Version=6.0.0.0, Culture=neutral, PublicKeyToken=b03f5f7f11d50a3a' [/Users/simonrozsival/Projects/dotnet/android/build-tools/xaprepare/xaprepare/xaprepare.csproj]
/usr/local/share/dotnet/sdk/10.0.101/Sdks/Microsoft.NET.Sdk/targets/Microsoft.NET.Sdk.FrameworkReferenceResolution.targets(190,5): error MSB4018:    at NuGet.RuntimeModel.JsonRuntimeFormat.ReadRuntimeGraph(TextReader textReader) [/Users/simonrozsival/Projects/dotnet/android/build-tools/xaprepare/xaprepare/xaprepare.csproj]
/usr/local/share/dotnet/sdk/10.0.101/Sdks/Microsoft.NET.Sdk/targets/Microsoft.NET.Sdk.FrameworkReferenceResolution.targets(190,5): error MSB4018:    at NuGet.RuntimeModel.JsonRuntimeFormat.ReadRuntimeGraph(Stream stream) [/Users/simonrozsival/Projects/dotnet/android/build-tools/xaprepare/xaprepare/xaprepare.csproj]
/usr/local/share/dotnet/sdk/10.0.101/Sdks/Microsoft.NET.Sdk/targets/Microsoft.NET.Sdk.FrameworkReferenceResolution.targets(190,5): error MSB4018:    at NuGet.RuntimeModel.JsonRuntimeFormat.ReadRuntimeGraph(String filePath) [/Users/simonrozsival/Projects/dotnet/android/build-tools/xaprepare/xaprepare/xaprepare.csproj]
/usr/local/share/dotnet/sdk/10.0.101/Sdks/Microsoft.NET.Sdk/targets/Microsoft.NET.Sdk.FrameworkReferenceResolution.targets(190,5): error MSB4018:    at Microsoft.NET.Build.Tasks.RuntimeGraphCache.GetRuntimeGraph(String runtimeJsonPath) [/Users/simonrozsival/Projects/dotnet/android/build-tools/xaprepare/xaprepare/xaprepare.csproj]
/usr/local/share/dotnet/sdk/10.0.101/Sdks/Microsoft.NET.Sdk/targets/Microsoft.NET.Sdk.FrameworkReferenceResolution.targets(190,5): error MSB4018:    at Microsoft.NET.Build.Tasks.ResolveAppHosts.GetHostItem(String runtimeIdentifier, List`1 knownAppHostPacksForTargetFramework, IDictionary`2 packagesToDownload, String hostNameWithoutExtension, String itemName, Boolean isExecutable, Boolean errorIfNotFound) [/Users/simonrozsival/Projects/dotnet/android/build-tools/xaprepare/xaprepare/xaprepare.csproj]
/usr/local/share/dotnet/sdk/10.0.101/Sdks/Microsoft.NET.Sdk/targets/Microsoft.NET.Sdk.FrameworkReferenceResolution.targets(190,5): error MSB4018:    at Microsoft.NET.Build.Tasks.ResolveAppHosts.ExecuteCore() [/Users/simonrozsival/Projects/dotnet/android/build-tools/xaprepare/xaprepare/xaprepare.csproj]
/usr/local/share/dotnet/sdk/10.0.101/Sdks/Microsoft.NET.Sdk/targets/Microsoft.NET.Sdk.FrameworkReferenceResolution.targets(190,5): error MSB4018:    at Microsoft.NET.Build.Tasks.TaskBase.Execute() [/Users/simonrozsival/Projects/dotnet/android/build-tools/xaprepare/xaprepare/xaprepare.csproj]
/usr/local/share/dotnet/sdk/10.0.101/Sdks/Microsoft.NET.Sdk/targets/Microsoft.NET.Sdk.FrameworkReferenceResolution.targets(190,5): error MSB4018:    at Microsoft.Build.BackEnd.TaskExecutionHost.Execute() [/Users/simonrozsival/Projects/dotnet/android/build-tools/xaprepare/xaprepare/xaprepare.csproj]
/usr/local/share/dotnet/sdk/10.0.101/Sdks/Microsoft.NET.Sdk/targets/Microsoft.NET.Sdk.FrameworkReferenceResolution.targets(190,5): error MSB4018:    at Microsoft.Build.BackEnd.TaskBuilder.ExecuteInstantiatedTask(TaskExecutionHost taskExecutionHost, TaskLoggingContext taskLoggingContext, TaskHost taskHost, ItemBucket bucket, TaskExecutionMode howToExecuteTask) [/Users/simonrozsival/Projects/dotnet/android/build-tools/xaprepare/xaprepare/xaprepare.csproj]
     1>Done Building Project "/Users/simonrozsival/Projects/dotnet/android/build-tools/xaprepare/xaprepare/xaprepare.csproj" (_GenerateRestoreGraphProjectEntry target(s)) -- FAILED.
