2336
2896
2352
7984
9128
2368
2352
6104
2328
2328
2432
4608
2320
2368
2320
2872
2408
2400
2344
2424
2344
2440
2368
2408
2632
2368
2320
2328
2352
2352
2984
2392
2296
2384
2960
2968
4248
2296
2384
2248
2336
2368
2344
2376
2416
2312
3472
2328
2384
3504
2496
2336
2384
2416
2456
2472
2368
2880
2864
2376
2240
2400
2936
2312
2312
2440
2448
2312
2416
2416
2384
2336
2296
2384
2448
3864
3696
2352
2408
2336
2448
2368
2368
2336
2848
2408
2360
2368
2312
2328
2416
2328
2312
2336
2472
2288
2424
2304
2432
2384
2472
2432
2440
4112
2480
2336
2352
2296
2848
3136
2856
2296
2416
2440
3448
2328
2976
2392
2464
2448
2464
5112
2304
3528
2352
2432
2496
2424
2360
2312
2448
3512
2520
2512
2296
4632
3432
2344
2424
3456
2392
2992
2296
2408
2352
2384
2352
808
3408
2992
2408
2400
4048
2304
2400
2344
2424
2352
2472
2376
2376
2368
2376
2384
2368
3528
2352
2408
2456
2264
3144
2400
2472
2384
2360
2464
2352
2432
5232
2296
2352
2368
2144
2376
1704
2384
2416
2544
2416
2904
2352
2416
2576
2408
2384
2368
2912
2304
2400
2424
2424
2352
2424
2440
4200
2864
2344
2432
3088
2496
2568
2304
4088
2384
2344
2368
2456
2808
2408
3328
2384
2416
2376
2280
2344
2416
3152
3032
2328
2496
2368
2368
2392
4000
2400
2344
2280
2448
2384
2400
3112
2424
3392
3040
2392
4128
2408
2416
2368
2504
2512
2448
704
2440
2360
2480
2328
2920
2192
2856
2744
3776
2720
2384
2384
4464
2344
2456
2376
2320
2384
2392
2408
2440
2360
3520
2344
2968
2416
2408
4272
2352
2440
2360
2368
2496
2432
2976
2360
2408
2360
2312
2400
2392
2376
2296
2344
2384
2432
2400
4152
2472
3496
2392
2400
2488
2440
2440
