--------- beginning of kernel
01-21 22:44:54.461   157   157 I logd    : logdr: UID=2000 GID=2000 PID=5240 b tail=0 logMask=99 pid=0 start=0ns deadline=0ns
--------- beginning of main
01-21 22:44:54.570  1645  1645 D BoundBrokerSvc: onUnbind: Intent { act=com.google.android.gms.feedback.internal.IFeedbackService dat=chimera-action:/... cmp=com.google.android.gms/.chimera.GmsBoundBrokerService }
01-21 22:45:00.339   551   629 W system_server: Long monitor contention with owner AlarmManager (702) at void com.android.server.power.PowerManagerService.acquireWakeLockInternal(android.os.IBinder, int, int, java.lang.String, java.lang.String, android.os.WorkSource, java.lang.String, int, int, android.os.IWakeLockCallback)(PowerManagerService.java:1559) waiters=0 in void com.android.server.power.PowerManagerService.handleSandman(int) for 333ms
01-21 22:45:00.345   551   551 W system_server: Long monitor contention with owner AlarmManager (702) at void com.android.server.alarm.AlarmManagerService$AlarmThread.run()(AlarmManagerService.java:4773) waiters=0 in void com.android.server.alarm.AlarmManagerService$DeliveryTracker.alarmComplete(android.os.IBinder) for 331ms
--------- beginning of system
01-21 22:45:00.346   551   551 W Looper  : Slow dispatch took 338ms main h=com.android.server.alarm.AlarmManagerService$AlarmHandler c=com.android.server.alarm.AlarmManagerService$3$$ExternalSyntheticLambda0@a0313ce m=0
01-21 22:45:00.346   551   551 W Looper  : Slow delivery took 341ms main h=com.android.server.power.Notifier$NotifierHandler c=null m=7
01-21 22:45:00.346   551   551 W Looper  : Drained
01-21 22:45:00.348  1538  2102 I AiAiEcho: Predicting[0]: 
01-21 22:45:00.349  1538  2102 I AiAiEcho: Ranked targets strategy: SORT, count: 0, ranking metadata: 
01-21 22:45:00.350  1538  2102 I AiAiEcho: #postPredictionTargets: Sending updates to UISurface lockscreen with targets# 0
01-21 22:45:00.351  1538  2102 I AiAiEcho: #postPredictionTargets: Sending updates to UISurface home with targets# 0
01-21 22:45:00.352  1538  2102 I AiAiEcho: #postPredictionTargets: Sending updates to UISurface media_data_manager with targets# 0
01-21 22:45:00.366   833   833 D SsMediaDataProvider: Forwarding Smartspace updates []
01-21 22:45:00.373   833  1105 D EGL_emulation: app_time_stats: avg=6838.72ms min=6838.72ms max=6838.72ms count=1
01-21 22:45:01.254   551   661 I ActivityTaskManager: START u0 {flg=0x10000000 cmp=com.xamarin.android.helloworld/example.MainActivity} from uid 2000
01-21 22:45:01.255   551   661 D CompatibilityChangeReporter: Compat change id reported: 265464455; UID 10176; state: DISABLED
01-21 22:45:01.255   551   661 D CompatibilityChangeReporter: Compat change id reported: 265452344; UID 10176; state: DISABLED
01-21 22:45:01.255   551   661 D CompatibilityChangeReporter: Compat change id reported: 266124927; UID 10176; state: DISABLED
01-21 22:45:01.255   551   661 D CompatibilityChangeReporter: Compat change id reported: 265451093; UID 10176; state: DISABLED
01-21 22:45:01.255   551   661 D CompatibilityChangeReporter: Compat change id reported: 265456536; UID 10176; state: DISABLED
01-21 22:45:01.256   551   661 D CompatibilityChangeReporter: Compat change id reported: 255940284; UID 10176; state: DISABLED
01-21 22:45:01.256   551   661 D CompatibilityChangeReporter: Compat change id reported: 236283604; UID 10176; state: DISABLED
01-21 22:45:01.256   551   661 D CompatibilityChangeReporter: Compat change id reported: 263959004; UID 10176; state: DISABLED
01-21 22:45:01.256   551   661 D CompatibilityChangeReporter: Compat change id reported: 264304459; UID 10176; state: DISABLED
01-21 22:45:01.256   551   661 D CompatibilityChangeReporter: Compat change id reported: 264301586; UID 10176; state: DISABLED
01-21 22:45:01.256   551   661 D CompatibilityChangeReporter: Compat change id reported: 254631730; UID 10176; state: DISABLED
01-21 22:45:01.256   551   661 D CompatibilityChangeReporter: Compat change id reported: 273509367; UID 10176; state: DISABLED
01-21 22:45:01.256   551   661 D CompatibilityChangeReporter: Compat change id reported: 263259275; UID 10176; state: DISABLED
01-21 22:45:01.266   551   661 D CompatibilityChangeReporter: Compat change id reported: 194480991; UID 10176; state: ENABLED
01-21 22:45:01.266   551   661 D CompatibilityChangeReporter: Compat change id reported: 174042980; UID 10176; state: DISABLED
01-21 22:45:01.269   551   661 D CompatibilityChangeReporter: Compat change id reported: 184838306; UID 10176; state: DISABLED
01-21 22:45:01.270   551   661 D CompatibilityChangeReporter: Compat change id reported: 185004937; UID 10176; state: DISABLED
01-21 22:45:01.270   551   661 D CompatibilityChangeReporter: Compat change id reported: 181136395; UID 10176; state: DISABLED
01-21 22:45:01.270   551   661 D CompatibilityChangeReporter: Compat change id reported: 174042936; UID 10176; state: DISABLED
01-21 22:45:01.289   551   661 D CompatibilityChangeReporter: Compat change id reported: 197654537; UID 10176; state: ENABLED
01-21 22:45:01.306   551   661 D CompatibilityChangeReporter: Compat change id reported: 205907456; UID 10176; state: ENABLED
01-21 22:45:01.360   551   596 D CompatibilityChangeReporter: Compat change id reported: 135634846; UID 10176; state: DISABLED
01-21 22:45:01.361   551   596 D CompatibilityChangeReporter: Compat change id reported: 177438394; UID 10176; state: DISABLED
01-21 22:45:01.361   551   596 D CompatibilityChangeReporter: Compat change id reported: 135772972; UID 10176; state: DISABLED
01-21 22:45:01.361   551   596 D CompatibilityChangeReporter: Compat change id reported: 135754954; UID 10176; state: ENABLED
01-21 22:45:01.368   551   607 D CompatibilityChangeReporter: Compat change id reported: 143937733; UID 10176; state: ENABLED
01-21 22:45:01.374   833  1089 D SplashScreenView: Build android.window.SplashScreenView{6b66a8f V.E...... ......ID 0,0-0,0}
01-21 22:45:01.374   833  1089 D SplashScreenView: Icon: view: android.widget.ImageView{9bd211c V.ED..... ......I. 0,0-0,0 #10204dd android:id/splashscreen_icon_view} drawable: com.android.wm.shell.startingsurface.SplashscreenIconDrawableFactory$ImmobileIconDrawable@d45d125 size: 440
01-21 22:45:01.374   833  1089 D SplashScreenView: Branding: view: android.view.View{41182fa G.ED..... ......I. 0,0-0,0 #10204dc android:id/splashscreen_branding_view} drawable: null size w: 0 h: 0
01-21 22:45:01.380  1201  1201 D MainContentCaptureSession: Flushing 1 event(s) for act:com.google.android.apps.nexuslauncher/.NexusLauncherActivity [state=2 (ACTIVE), disabled=false], reason=FULL
01-21 22:45:01.385   294   294 D Zygote  : Forked child process 5248
01-21 22:45:01.386   833  1105 W Parcel  : Expecting binder but got null!
01-21 22:45:01.389   551   607 I ActivityManager: Start proc 5248:com.xamarin.android.helloworld/u0a176 for next-top-activity {com.xamarin.android.helloworld/example.MainActivity}
01-21 22:45:01.390   551  2379 D CoreBackPreview: Window{b21af93 u0 Splash Screen com.xamarin.android.helloworld}: Setting back callback OnBackInvokedCallbackInfo{mCallback=android.window.IOnBackInvokedCallback$Stub$Proxy@95187c9, mPriority=0}
01-21 22:45:01.406  5248  5248 I roid.helloworld: Using CollectorTypeCC GC.
01-21 22:45:01.409   337   337 I BpBinder: onLastStrongRef automatically unlinking death recipients: <uncached descriptor>
01-21 22:45:01.441   365   430 I adbd    : jdwp connection from 5248
01-21 22:45:01.458  1201  1613 D EGL_emulation: app_time_stats: avg=2999.88ms min=7.37ms max=23807.17ms count=8
01-21 22:45:01.458   833  1105 E OpenGLRenderer: Unable to match the desired swap behavior.
01-21 22:45:01.470  5248  5248 D CompatibilityChangeReporter: Compat change id reported: 171979766; UID 10176; state: ENABLED
01-21 22:45:01.507  5248  5248 D nativeloader: Configuring classloader-namespace for other apk /data/app/~~lYWIKWUfBgQx1yba1CHRPA==/com.xamarin.android.helloworld-2PTrbQDZ0f4XUOrCPDYWOA==/base.apk. target_sdk_version=36, uses_libraries=, library_path=/data/app/~~lYWIKWUfBgQx1yba1CHRPA==/com.xamarin.android.helloworld-2PTrbQDZ0f4XUOrCPDYWOA==/lib/arm64:/data/app/~~lYWIKWUfBgQx1yba1CHRPA==/com.xamarin.android.helloworld-2PTrbQDZ0f4XUOrCPDYWOA==/base.apk!/lib/arm64-v8a, permitted_path=/data:/mnt/expand:/data/user/0/com.xamarin.android.helloworld
01-21 22:45:01.522   551  2369 W Binder  : Caught a RuntimeException from the binder stub implementation.
01-21 22:45:01.522   551  2369 W Binder  : java.lang.ArrayIndexOutOfBoundsException: Array index out of range: 0
01-21 22:45:01.522   551  2369 W Binder  : 	at android.util.ArraySet.valueAt(ArraySet.java:422)
01-21 22:45:01.522   551  2369 W Binder  : 	at com.android.server.contentcapture.ContentCapturePerUserService$ContentCaptureServiceRemoteCallback.updateContentCaptureOptions(ContentCapturePerUserService.java:733)
01-21 22:45:01.522   551  2369 W Binder  : 	at com.android.server.contentcapture.ContentCapturePerUserService$ContentCaptureServiceRemoteCallback.setContentCaptureWhitelist(ContentCapturePerUserService.java:646)
01-21 22:45:01.522   551  2369 W Binder  : 	at android.service.contentcapture.IContentCaptureServiceCallback$Stub.onTransact(IContentCaptureServiceCallback.java:115)
01-21 22:45:01.522   551  2369 W Binder  : 	at android.os.Binder.execTransactInternal(Binder.java:1285)
01-21 22:45:01.522   551  2369 W Binder  : 	at android.os.Binder.execTransact(Binder.java:1244)
01-21 22:45:01.553   551  2369 W ActivityTaskManager: takeTaskSnapshot: taskId=13 not found or not visible
01-21 22:45:01.572  5248  5248 V GraphicsEnvironment: ANGLE Developer option for 'com.xamarin.android.helloworld' set to: 'default'
01-21 22:45:01.601  5248  5248 V GraphicsEnvironment: ANGLE GameManagerService for com.xamarin.android.helloworld: false
01-21 22:45:01.602  5248  5248 V GraphicsEnvironment: Neither updatable production driver nor prerelease driver is supported.
01-21 22:45:01.605  5248  5248 D NetworkSecurityConfig: No Network Security Config specified, using platform default
01-21 22:45:01.606  5248  5248 D NetworkSecurityConfig: No Network Security Config specified, using platform default
01-21 22:45:01.613   551   914 D CompatibilityChangeReporter: Compat change id reported: 161145287; UID 10176; state: DISABLED
01-21 22:45:01.707   337   432 W TransactionTracing: Could not find layer handle 0xb4000073622e97f0
01-21 22:45:01.884   833  1105 D EGL_emulation: app_time_stats: avg=15280.72ms min=3.50ms max=213696.30ms count=14
01-21 22:45:01.953  5248  5248 D DOTNET  : AndroidCryptoNative_InitLibraryOnLoad: jint AndroidCryptoNative_InitLibraryOnLoad(JavaVM *, void *) in /__w/1/s/src/runtime/src/native/libs/System.Security.Cryptography.Native.Android/pal_jni.c
01-21 22:45:01.953  5248  5248 D DOTNET  : GetOptionalClassGRef: optional class com/android/org/conscrypt/OpenSSLEngineImpl was not found
01-21 22:45:02.086  5248  5248 I monodroid-typemap: TypeMapAttributeTypeMap: Initializing...
01-21 22:45:02.141  5248  5248 I monodroid-typemap: TypeMapAttributeTypeMap: Initialized external and invoker type mappings
01-21 22:45:02.205  5248  5275 D libEGL  : loaded /vendor/lib64/egl/libEGL_emulation.so
01-21 22:45:02.214  5248  5275 D libEGL  : loaded /vendor/lib64/egl/libGLESv1_CM_emulation.so
01-21 22:45:02.220  5248  5275 D libEGL  : loaded /vendor/lib64/egl/libGLESv2_emulation.so
01-21 22:45:02.241  5248  5248 I monodroid-typemap: TryGetJniNameForType: HelloWorld.MainActivity -> 'example/MainActivity' (from [Register])
01-21 22:45:02.246  5248  5248 I monodroid: RegisterNativeMembers: type=HelloWorld.MainActivity, methods=n_onCreate:(Landroid/os/Bundle;)V:GetOnCreate_Landroid_os_Bundle_Handler
01-21 22:45:02.246  5248  5248 I monodroid: 
01-21 22:45:02.247  5248  5248 I monodroid: DynamicNativeMembersRegistration: registered n_onCreate for HelloWorld.MainActivity
01-21 22:45:02.247  5248  5248 I monodroid: DynamicNativeMembersRegistration: calling RegisterNatives with 1 methods
01-21 22:45:02.248  5248  5248 I monodroid-typemap: TryGetJniNameForType: Java.Interop.TypeManager+JavaTypeManager -> 'mono/android/TypeManager' (from [Register])
01-21 22:45:02.248  5248  5248 I monodroid: RegisterNativeMembers: type=Java.Interop.TypeManager+JavaTypeManager, methods=n_activate:(Ljava/lang/String;Ljava/lang/String;Ljava/lang/Object;[Ljava/lang/Object;)V:GetActivateHandler
01-21 22:45:02.248  5248  5248 I monodroid: 
01-21 22:45:02.248  5248  5248 I monodroid: DynamicNativeMembersRegistration: registered n_activate for Java.Interop.TypeManager+JavaTypeManager
01-21 22:45:02.248  5248  5248 I monodroid: DynamicNativeMembersRegistration: calling RegisterNatives with 1 methods
01-21 22:45:02.435  5248  5248 D CompatibilityChangeReporter: Compat change id reported: 210923482; UID 10176; state: ENABLED
01-21 22:45:02.438  5248  5248 I monodroid-typemap: CreatePeer: handle=0xcd, targetType=Android.Views.View
01-21 22:45:02.441  5248  5248 I monodroid-typemap: CreatePeer: Found type Android.Widget.Button for Java class 'android/widget/Button'
01-21 22:45:02.442  5248  5248 I monodroid-typemap: TryGetJniNameForType: Android.Widget.Button -> 'android/widget/Button' (from [Register])
01-21 22:45:02.443  5248  5248 I monodroid-typemap: CreatePeer: Activating instance of Android.Widget.Button...
01-21 22:45:02.444  5248  5248 I monodroid-typemap: CreatePeer: SUCCESS - Created Android.Widget.Button for Java class 'android/widget/Button'
01-21 22:45:02.450  5248  5248 I monodroid-typemap: TryGetJniNameForType: Android.Views.View+IOnClickListenerImplementor -> 'mono/android/view/View_OnClickListenerImplementor' (from [Register])
01-21 22:45:02.453  5248  5248 I monodroid-typemap: TryGetJniNameForType: Android.Views.View+IOnClickListenerImplementor -> 'mono/android/view/View_OnClickListenerImplementor' (from [Register])
01-21 22:45:02.453  5248  5248 I monodroid: RegisterNativeMembers: type=Android.Views.View+IOnClickListenerImplementor, methods=n_onClick:(Landroid/view/View;)V:GetOnClick_Landroid_view_View_Handler:Android.Views.View+IOnClickListenerInvoker, Mono.Android, Version=0.0.0.0, Culture=neutral, PublicKeyToken=null
01-21 22:45:02.453  5248  5248 I monodroid: 
01-21 22:45:02.454  5248  5248 I monodroid: DynamicNativeMembersRegistration: registered n_onClick for Android.Views.View+IOnClickListenerImplementor
01-21 22:45:02.454  5248  5248 I monodroid: DynamicNativeMembersRegistration: calling RegisterNatives with 1 methods
01-21 22:45:02.482  5248  5248 D CompatibilityChangeReporter: Compat change id reported: 237531167; UID 10176; state: DISABLED
01-21 22:45:02.493  5248  5273 W Parcel  : Expecting binder but got null!
01-21 22:45:02.507   551  1004 D CoreBackPreview: Window{dfa9ea9 u0 com.xamarin.android.helloworld/example.MainActivity}: Setting back callback OnBackInvokedCallbackInfo{mCallback=android.window.IOnBackInvokedCallback$Stub$Proxy@c0ad3cf, mPriority=0}
01-21 22:45:02.569  5248  5273 D HostConnection: HostComposition ext ANDROID_EMU_CHECKSUM_HELPER_v1 ANDROID_EMU_native_sync_v2 ANDROID_EMU_native_sync_v3 ANDROID_EMU_native_sync_v4 ANDROID_EMU_dma_v1 ANDROID_EMU_direct_mem ANDROID_EMU_host_composition_v1 ANDROID_EMU_host_composition_v2 ANDROID_EMU_vulkan ANDROID_EMU_deferred_vulkan_commands ANDROID_EMU_vulkan_null_optional_strings ANDROID_EMU_vulkan_create_resources_with_requirements ANDROID_EMU_YUV_Cache ANDROID_EMU_vulkan_ignored_handles ANDROID_EMU_has_shared_slots_host_memory_allocator ANDROID_EMU_vulkan_free_memory_sync ANDROID_EMU_vulkan_shader_float16_int8 ANDROID_EMU_vulkan_async_queue_submit ANDROID_EMU_vulkan_queue_submit_with_commands ANDROID_EMU_sync_buffer_data ANDROID_EMU_vulkan_async_qsri ANDROID_EMU_read_color_buffer_dma ANDROID_EMU_hwc_multi_configs GL_OES_EGL_image_external_essl3 GL_OES_vertex_array_object GL_KHR_texture_compression_astc_ldr ANDROID_EMU_host_side_tracing ANDROID_EMU_gles_max_version_3_0 
01-21 22:45:02.572  5248  5273 W OpenGLRenderer: Failed to choose config with EGL_SWAP_BEHAVIOR_PRESERVED, retrying without...
01-21 22:45:02.573  5248  5273 W OpenGLRenderer: Failed to initialize 101010-2 format, error = EGL_SUCCESS
01-21 22:45:02.574  5248  5273 D EGL_emulation: eglCreateContext: 0xb400007008b56a10: maj 3 min 0 rcv 3
01-21 22:45:02.579  5248  5273 D EGL_emulation: eglMakeCurrent: 0xb400007008b56a10: ver 3 0 (tinfo 0x7236e72080) (first time)
01-21 22:45:02.618   833  1105 D EGL_emulation: app_time_stats: avg=2244.54ms min=2244.54ms max=2244.54ms count=1
01-21 22:45:02.644   149   149 I hwservicemanager: getTransport: Cannot find entry android.hardware.graphics.mapper@4.0::IMapper/default in either framework or device VINTF manifest.
01-21 22:45:02.646  5248  5273 I Gralloc4: mapper 4.x is not supported
01-21 22:45:02.651   149   149 I hwservicemanager: getTransport: Cannot find entry android.hardware.graphics.allocator@4.0::IAllocator/default in either framework or device VINTF manifest.
01-21 22:45:02.654   148   148 I servicemanager: Could not find android.hardware.graphics.allocator.IAllocator/default in the VINTF manifest.
01-21 22:45:02.655  5248  5273 W Gralloc4: allocator 4.x is not supported
01-21 22:45:02.671  5248  5273 D HostConnection: HostComposition ext ANDROID_EMU_CHECKSUM_HELPER_v1 ANDROID_EMU_native_sync_v2 ANDROID_EMU_native_sync_v3 ANDROID_EMU_native_sync_v4 ANDROID_EMU_dma_v1 ANDROID_EMU_direct_mem ANDROID_EMU_host_composition_v1 ANDROID_EMU_host_composition_v2 ANDROID_EMU_vulkan ANDROID_EMU_deferred_vulkan_commands ANDROID_EMU_vulkan_null_optional_strings ANDROID_EMU_vulkan_create_resources_with_requirements ANDROID_EMU_YUV_Cache ANDROID_EMU_vulkan_ignored_handles ANDROID_EMU_has_shared_slots_host_memory_allocator ANDROID_EMU_vulkan_free_memory_sync ANDROID_EMU_vulkan_shader_float16_int8 ANDROID_EMU_vulkan_async_queue_submit ANDROID_EMU_vulkan_queue_submit_with_commands ANDROID_EMU_sync_buffer_data ANDROID_EMU_vulkan_async_qsri ANDROID_EMU_read_color_buffer_dma ANDROID_EMU_hwc_multi_configs GL_OES_EGL_image_external_essl3 GL_OES_vertex_array_object GL_KHR_texture_compression_astc_ldr ANDROID_EMU_host_side_tracing ANDROID_EMU_gles_max_version_3_0 
01-21 22:45:02.673  5248  5273 E OpenGLRenderer: Unable to match the desired swap behavior.
01-21 22:45:02.883   551   593 I ActivityTaskManager: Displayed com.xamarin.android.helloworld/example.MainActivity: +1s626ms
01-21 22:45:02.917   833  1105 D EGL_emulation: app_time_stats: avg=14.27ms min=2.33ms max=48.57ms count=43
01-21 22:45:02.918   935  1155 D BtGatt.ScanManager: uid 10112 isForeground true scanMode -1
01-21 22:45:02.941  1201  1718 D OneSearchSuggestProvider: Shut down the binder channel
01-21 22:45:02.942  1201  1383 I s.nexuslauncher: oneway function results for code 2 on binder at 0xb400006f98bb5db0 will be dropped but finished with status UNKNOWN_TRANSACTION
01-21 22:45:02.974   551  1152 D CompatibilityChangeReporter: Compat change id reported: 214016041; UID 10176; state: ENABLED
01-21 22:45:02.994   337   432 W TransactionTracing: Could not find layer handle 0xb4000073622eabd0
01-21 22:45:02.994   337   432 W TransactionTracing: Could not find layer handle 0xb4000073622e8170
01-21 22:45:03.056  2899  2899 I GoogleInputMethodService: GoogleInputMethodService.onFinishInput():3227 
01-21 22:45:03.060  2899  2899 I GoogleInputMethodService: GoogleInputMethodService.updateDeviceLockedStatus():2087 repeatCheckTimes = 0, unlocked = true
01-21 22:45:03.060  2899  2899 I GoogleInputMethodService: GoogleInputMethodService.onStartInput():1877 onStartInput(EditorInfo{inputType=0x0(NULL) imeOptions=0x0 privateImeOptions=null actionName=UNSPECIFIED actionLabel=null actionId=0 initialSelStart=-1 initialSelEnd=-1 initialCapsMode=0x0 hintText=null label=null packageName=com.xamarin.android.helloworld fieldId=-1 fieldName=null extras=null}, false)
01-21 22:45:03.060  2899  2899 I GoogleInputMethodService: GoogleInputMethodService.shouldHideHeaderOnInitialState():4008 ShouldHideHeaderOnInitialState = false
01-21 22:45:03.060  2899  2899 I GoogleInputMethodService: GoogleInputMethodService.updateDeviceLockedStatus():2087 repeatCheckTimes = 2, unlocked = true
01-21 22:45:03.094   337   432 W TransactionTracing: Could not find layer handle 0xb4000073622e7450
01-21 22:45:03.385   551   914 W InputManager-JNI: Input channel object 'b21af93 Splash Screen com.xamarin.android.helloworld (client)' was disposed without first being removed with the input manager!
01-21 22:45:03.391   551   918 D CoreBackPreview: Window{b21af93 u0 Splash Screen com.xamarin.android.helloworld EXITING}: Setting back callback null
01-21 22:45:03.929   833  1105 D EGL_emulation: app_time_stats: avg=15.89ms min=1.87ms max=120.64ms count=37
01-21 22:45:08.114  1754  1771 W earchbox:search: Cleared Reference was only reachable from finalizer (only reported once)
01-21 22:45:08.292  1754  1794 V ClearcutMetricXmitter: Transmission is done.
01-21 22:45:11.817  1201  1201 D TaplEvents: TIS / TouchInteractionService.onInputEvent: MotionEvent { action=ACTION_DOWN, actionButton=0, id[0]=0, x[0]=540.0, y[0]=1140.0, toolType[0]=TOOL_TYPE_FINGER, buttonState=0, classification=NONE, metaState=0, flags=0x0, edgeFlags=0x0, pointerCount=1, historySize=0, eventTime=1267806, downTime=1267806, deviceId=-1, source=0x1002, displayId=0, eventId=-806111783 }
01-21 22:45:11.843  1201  1201 D TaplEvents: TIS / TouchInteractionService.onInputEvent: MotionEvent { action=ACTION_UP, actionButton=0, id[0]=0, x[0]=540.0, y[0]=1140.0, toolType[0]=TOOL_TYPE_FINGER, buttonState=0, classification=NONE, metaState=0, flags=0x0, edgeFlags=0x0, pointerCount=1, historySize=0, eventTime=1267806, downTime=1267806, deviceId=-1, source=0x1002, displayId=0, eventId=-683921568 }
01-21 22:45:17.269   551   914 D WifiNl80211Manager: Scan result ready event
01-21 22:45:17.269   551   914 D WifiNative: Scan result ready event
01-21 22:45:17.814   551   605 I UsageStatsService: User[0] Flushing usage stats to disk
01-21 22:45:42.069  1341  5226 I AlarmManager: setExactAndAllowWhileIdle [name: GCM_HB_ALARM type: 2 triggerAtMillis: 1858073]
01-21 22:45:42.072  1341  5226 I AlarmManager: setExactAndAllowWhileIdle [name: GCM_HB_ALARM type: 2 triggerAtMillis: 1858076]
01-21 22:45:42.074  1341  1341 D BoundBrokerSvc: onBind: Intent { act=com.google.android.gms.scheduler.ACTION_PROXY_SCHEDULE dat=chimera-action:/... cmp=com.google.android.gms/.chimera.PersistentApiService }
01-21 22:45:42.074  1341  1341 D BoundBrokerSvc: Loading bound service for intent: Intent { act=com.google.android.gms.scheduler.ACTION_PROXY_SCHEDULE dat=chimera-action:/... cmp=com.google.android.gms/.chimera.PersistentApiService }
01-21 22:45:42.748   935  1176 I bluetooth: packages/modules/Bluetooth/system/gd/hci/le_address_manager.cc:257 ack_pause: Client already in paused state
01-21 22:45:42.779   935  1176 I bluetooth: packages/modules/Bluetooth/system/gd/hci/le_address_manager.cc:576 OnCommandComplete: Received command complete with op_code LE_SET_RANDOM_ADDRESS
01-21 22:45:42.779   935  1176 I bluetooth: packages/modules/Bluetooth/system/gd/hci/le_address_manager.cc:595 OnCommandComplete: update random address : 7d:a7:bc:45:7a:5a
01-21 22:45:42.779   935  1176 I bluetooth: packages/modules/Bluetooth/system/gd/hci/le_address_manager.cc:286 resume_registered_clients: Resuming registered clients
01-21 22:45:56.045   318   318 E android.hardware.power.stats@1.0-service-mock: Failed to getEnergyData
01-21 22:45:56.078   833  1107 D ControlsListingControllerImpl: Subscribing callback, service count: 0
01-21 22:45:56.082   833  1107 D ControlsListingControllerImpl: Unsubscribing callback
01-21 22:45:57.092  1341  1341 D BoundBrokerSvc: onUnbind: Intent { act=com.google.android.gms.scheduler.ACTION_PROXY_SCHEDULE dat=chimera-action:/... cmp=com.google.android.gms/.chimera.PersistentApiService }
01-21 22:46:00.007  1538  2102 I AiAiEcho: Predicting[0]: 
01-21 22:46:00.008  1538  2102 I AiAiEcho: Ranked targets strategy: SORT, count: 0, ranking metadata: 
01-21 22:46:00.008  1538  2102 I AiAiEcho: #postPredictionTargets: Sending updates to UISurface lockscreen with targets# 0
01-21 22:46:00.010  1538  2102 I AiAiEcho: #postPredictionTargets: Sending updates to UISurface home with targets# 0
01-21 22:46:00.012  1538  2102 I AiAiEcho: #postPredictionTargets: Sending updates to UISurface media_data_manager with targets# 0
01-21 22:46:00.017   833   833 D SsMediaDataProvider: Forwarding Smartspace updates []
01-21 22:46:00.023   833  1105 D EGL_emulation: app_time_stats: avg=9566.80ms min=30.67ms max=56836.71ms count=6
01-21 22:46:10.084  1341  1341 D BoundBrokerSvc: onUnbind: Intent { act=com.google.android.contextmanager.service.ContextManagerService.START pkg=com.google.android.gms }
01-21 22:46:17.002  1341  1341 D BoundBrokerSvc: onUnbind: Intent { act=com.google.android.gms.phenotype.service.START pkg=com.google.android.gms }
01-21 22:46:24.936   551   918 D ActivityManager: sync unfroze 4040 com.google.android.configupdater
01-21 22:46:25.031  1645  5296 I ChimeraConfigurator: Starting update, reason: 4 urgentFeatures: vision.ocr:-1
01-21 22:46:25.106  1645  5296 I ChimeraConfigurator: Detected pending changes for urgent request: [vision.ocr]. Pending module sets: container:2318189190400+mlkit.ocr.common,tflite_dynamite:2439308015100400+tflite_dynamite,vision_ocr:2316024025100000+vision.ocr
01-21 22:46:25.124  1645  5296 I GmsDebugLogger: [73] 1801
01-21 22:46:25.143  1645  5296 W ZappDownloader: No successful module downloads for requested features [vision.ocr].
01-21 22:46:25.143  1645  5296 I GmsDebugLogger: [30] [VisionOcrDynamite.integ:231602402100000],[MlkitOcrCommon.optional:231818100400],[TfliteDynamiteDynamite.integ:243930801100400]
01-21 22:46:25.166  1645  5296 W ChimeraConfigService: Retry attempt was throttled. [CONTEXT service_id=264 ]
01-21 22:46:25.166  1645  5296 I GmsDebugLogger: [83] 1 [vision.ocr]
01-21 22:46:25.238  1645  5293 W Vision  : Request for optional module download of ocr failed. Request again.
01-21 22:46:25.276  1645  5293 W Vision  : Would have logged:
01-21 22:46:25.276  1645  5293 W Vision  : # dsae@37884fe7
01-21 22:46:25.277  1645  5293 I Vision  : Schedule retrying download ocr at 1341281 with backoff 640 seconds
01-21 22:46:25.711  1341  1341 D BoundBrokerSvc: onBind: Intent { act=com.google.android.gms.phenotype.service.START pkg=com.google.android.gms }
01-21 22:46:25.711  1341  1341 D BoundBrokerSvc: Loading bound service for intent: Intent { act=com.google.android.gms.phenotype.service.START pkg=com.google.android.gms }
01-21 22:46:25.821  4040  4040 D CompatibilityChangeReporter: Compat change id reported: 183155436; UID 10113; state: ENABLED
01-21 22:46:33.586   833  1105 D EGL_emulation: app_time_stats: avg=33563.21ms min=33563.21ms max=33563.21ms count=1
01-21 22:46:40.832  1341  1341 D BoundBrokerSvc: onUnbind: Intent { act=com.google.android.gms.phenotype.service.START pkg=com.google.android.gms }
01-21 22:47:00.010  1538  2102 I AiAiEcho: Predicting[0]: 
01-21 22:47:00.010  1538  2102 I AiAiEcho: Ranked targets strategy: SORT, count: 0, ranking metadata: 
01-21 22:47:00.013  1538  2102 I AiAiEcho: #postPredictionTargets: Sending updates to UISurface lockscreen with targets# 0
01-21 22:47:00.014  1538  2102 I AiAiEcho: #postPredictionTargets: Sending updates to UISurface home with targets# 0
01-21 22:47:00.015  1538  2102 I AiAiEcho: #postPredictionTargets: Sending updates to UISurface media_data_manager with targets# 0
01-21 22:47:00.020   833   833 D SsMediaDataProvider: Forwarding Smartspace updates []
01-21 22:47:00.055   833  1105 D EGL_emulation: app_time_stats: avg=26467.33ms min=26467.33ms max=26467.33ms count=1
01-21 22:47:10.748  2314  2314 I abb     : StartCommandInProcess(73657474696e67730067657400676c6f settings.get.glo [truncated])
01-21 22:47:10.752   551   551 W binder:551_17: type=1400 audit(0.0:37): avc: denied { getopt } for scontext=u:r:system_server:s0 tcontext=u:r:shell:s0 tclass=unix_stream_socket permissive=0
01-21 22:47:10.752   551   551 W binder:551_17: type=1400 audit(0.0:38): avc: denied { getopt } for scontext=u:r:system_server:s0 tcontext=u:r:shell:s0 tclass=unix_stream_socket permissive=0
01-21 22:47:10.752   551   551 W binder:551_17: type=1400 audit(0.0:39): avc: denied { getopt } for scontext=u:r:system_server:s0 tcontext=u:r:shell:s0 tclass=unix_stream_socket permissive=0
01-21 22:47:10.760  2314  2314 I abb     : StartCommandInProcess(7061636b61676500696e7374616c6c00 package.install. [truncated])
01-21 22:47:11.476   551   551 W binder:551_17: type=1400 audit(0.0:40): avc: denied { getopt } for scontext=u:r:system_server:s0 tcontext=u:r:shell:s0 tclass=unix_stream_socket permissive=0
01-21 22:47:11.657   551  1004 W system_server: Long monitor contention with owner PackageInstaller (660) at boolean com.android.server.pm.PackageInstallerSession.streamValidateAndCommit()(PackageInstallerSession.java:1884) waiters=0 in int com.android.server.pm.PackageInstallerSession.getInstallerUid() for 163ms
01-21 22:47:11.682   551   637 I PackageManager: Integrity check passed for file:///data/app/vmdl922211869.tmp
01-21 22:47:11.696   551   606 I ActivityManager: Force stopping com.xamarin.android.helloworld appid=10176 user=-1: installPackageLI
01-21 22:47:11.697   551   606 I ActivityManager: Killing 5248:com.xamarin.android.helloworld/u0a176 (adj 0): stop com.xamarin.android.helloworld due to installPackageLI
01-21 22:47:11.701   551   637 I PackageManager: Update package com.xamarin.android.helloworld code path from /data/app/~~lYWIKWUfBgQx1yba1CHRPA==/com.xamarin.android.helloworld-2PTrbQDZ0f4XUOrCPDYWOA== to /data/app/~~s__UGu3z7UpQF60eUdrA1Q==/com.xamarin.android.helloworld-9ASKHy_GHjd9malbU1i6Zw==; Retain data and using new
01-21 22:47:11.701   551   637 I AppsFilter: interaction: PackageSetting{18a492c com.companyname.testminandroidapilevel/10174} -> PackageSetting{d41c547 com.xamarin.android.helloworld/10176} BLOCKED
01-21 22:47:11.702   551   637 I AppsFilter: interaction: PackageSetting{18a492c com.companyname.testminandroidapilevel/10174} -> PackageSetting{b70918a com.xamarin.android.helloworld/10176} BLOCKED
01-21 22:47:11.703   551   606 W ActivityTaskManager: Force removing ActivityRecord{25746f6 u0 com.xamarin.android.helloworld/example.MainActivity} t28 f}}: app died, no saved state
01-21 22:47:11.706   551   610 I libprocessgroup: Successfully killed process cgroup uid 10176 pid 5248 in 0ms
01-21 22:47:11.747   551   606 W InputManager-JNI: Input channel object 'dfa9ea9 com.xamarin.android.helloworld/example.MainActivity (client)' was disposed without first being removed with the input manager!
01-21 22:47:11.767   337   432 W TransactionTracing: Could not find layer handle 0xb4000073622ea630
01-21 22:47:11.827    43    43 I binder  : undelivered transaction 240198, process died.
01-21 22:47:11.835  3514  3514 I logd    : start watching /data/system/packages.list ...
01-21 22:47:11.794   337   337 E BpTransactionCompletedListener: Failed to transact (-32)
01-21 22:47:11.797   294   294 I Zygote  : Process 5248 exited due to signal 9 (Killed)
01-21 22:47:11.838  3514  3514 I logd    : ReadPackageList, total packages: 183
01-21 22:47:11.807   551   637 D PackageManager: Instant App installer not found with android.intent.action.INSTALL_INSTANT_APP_PACKAGE
01-21 22:47:11.807   551   637 D PackageManager: Clear ephemeral installer activity
01-21 22:47:11.828   337   432 W TransactionTracing: Could not find layer handle 0xb4000073622e9d30
01-21 22:47:11.828   337   432 W TransactionTracing: Could not find layer handle 0xb4000073622e9010
01-21 22:47:11.836   551   596 V WindowManager: Unknown focus tokens, dropping reportFocusChanged
01-21 22:47:11.842   551   637 W ziparchive: Unable to open '/data/app/~~s__UGu3z7UpQF60eUdrA1Q==/com.xamarin.android.helloworld-9ASKHy_GHjd9malbU1i6Zw==/base.dm': No such file or directory
01-21 22:47:11.843   551   637 I PackageDexOptimizer: Running dexopt (dexoptNeeded=1) on: /data/app/~~s__UGu3z7UpQF60eUdrA1Q==/com.xamarin.android.helloworld-9ASKHy_GHjd9malbU1i6Zw==/base.apk pkg=com.xamarin.android.helloworld isa=arm64 dexoptFlags=boot_complete,profile_guided,public,enable_hidden_api_checks targetFilter=speed-profile oatDir=/data/app/~~s__UGu3z7UpQF60eUdrA1Q==/com.xamarin.android.helloworld-9ASKHy_GHjd9malbU1i6Zw==/oat classLoaderContext=PCL[]{}
01-21 22:47:11.843   337   337 I BpBinder: onLastStrongRef automatically unlinking death recipients: <uncached descriptor>
01-21 22:47:11.845   388   388 V installd: DexInv: --- BEGIN '/data/app/~~s__UGu3z7UpQF60eUdrA1Q==/com.xamarin.android.helloworld-9ASKHy_GHjd9malbU1i6Zw==/base.apk' ---
01-21 22:47:11.845   388   388 V installd: Running /apex/com.android.art/bin/dex2oat64 in=base.apk out=/data/app/~~s__UGu3z7UpQF60eUdrA1Q==/com.xamarin.android.helloworld-9ASKHy_GHjd9malbU1i6Zw==/oat/arm64/base.odex
01-21 22:47:11.880   551   551 W Looper  : Slow dispatch took 178ms main h=com.android.server.job.JobSchedulerService$JobHandler c=null m=0
01-21 22:47:11.884   551   684 W system_server: Long monitor contention with owner main (551) at boolean com.android.server.job.JobSchedulerService.isBatteryCharging()(JobSchedulerService.java:3423) waiters=0 in void com.android.server.job.controllers.BackgroundJobsController$1.updateJobsForUid(int, boolean) for 181ms
01-21 22:47:11.887   337   432 W TransactionTracing: Could not find layer handle 0xb4000073622ea690
01-21 22:47:11.887   337   432 W TransactionTracing: Could not find layer handle 0xb4000073622e9430
01-21 22:47:11.902   551   596 W ActivityManager: setHasOverlayUi called on unknown pid: 5248
01-21 22:47:11.903   551  2369 W system_server: Long monitor contention with owner ActivityManager (606) at void com.android.server.am.ActivityManagerService$MainHandler.handleMessage(android.os.Message)(ActivityManagerService.java:1757) waiters=1 in void com.android.server.am.ActivityManagerService$AppDeathRecipient.binderDied() for 116ms
01-21 22:47:11.903   551  2369 V ActivityManager: Got obituary of 5248:com.xamarin.android.helloworld
01-21 22:47:11.904   935  1155 D BtGatt.ScanManager: uid 10112 isForeground true scanMode -1
01-21 22:47:11.908  1754  2094 E OpenGLRenderer: Unable to match the desired swap behavior.
01-21 22:47:11.942  1201  1613 E OpenGLRenderer: Unable to match the desired swap behavior.
01-21 22:47:11.973  5305  5305 W dex2oat64: Mismatch between dex2oat instruction set features to use (ISA: Arm64 Feature string: a53,crc,-lse,-fp16,-dotprod,-sve) and those from CPP defines (ISA: Arm64 Feature string: -a53,-crc,-lse,-fp16,-dotprod,-sve) for the command line:
01-21 22:47:11.973  5305  5305 W dex2oat64: /apex/com.android.art/bin/dex2oat64 --zip-fd=7 --zip-location=base.apk --oat-fd=8 --oat-location=/data/app/~~s__UGu3z7UpQF60eUdrA1Q==/com.xamarin.android.helloworld-9ASKHy_GHjd9malbU1i6Zw==/oat/arm64/base.odex --input-vdex-fd=-1 --output-vdex-fd=9 --swap-fd=10 --classpath-dir=/data/app/~~s__UGu3z7UpQF60eUdrA1Q==/com.xamarin.android.helloworld-9ASKHy_GHjd9malbU1i6Zw== --class-loader-context=PCL[]{} --compact-dex-level=none --instruction-set=arm64 --instruction-set-features=default --instruction-set-variant=generic --compiler-filter=speed-profile --compilation-reason=install --max-image-block-size=524288 --resolve-startup-const-strings=true --generate-mini-debug-info --runtime-arg -Xtarget-sdk-version:36 --runtime-arg -Xhidden-api-policy:enabled --runtime-arg -Xms64m --runtime-arg -Xmx512m
01-21 22:47:11.975  5305  5305 I dex2oat64: /apex/com.android.art/bin/dex2oat64 --input-vdex-fd=-1 --output-vdex-fd=9 --classpath-dir=/data/app/~~s__UGu3z7UpQF60eUdrA1Q==/com.xamarin.android.helloworld-9ASKHy_GHjd9malbU1i6Zw== --class-loader-context=PCL[]{} --compact-dex-level=none --compiler-filter=speed-profile --compilation-reason=install --max-image-block-size=524288 --resolve-startup-const-strings=true --generate-mini-debug-info
01-21 22:47:11.985  5305  5305 I dex2oat64: Using CollectorTypeCC GC.
01-21 22:47:11.989  1754  1754 I BgTaskExecutorImpl: (REDACTED) Starting %s background task %s.
01-21 22:47:12.061  1201  1201 D MainContentCaptureSession: Flushing 1 event(s) for act:com.google.android.apps.nexuslauncher/.NexusLauncherActivity [state=2 (ACTIVE), disabled=false], reason=FULL
01-21 22:47:12.069  1754  5309 I NetworkRecognitionRnr: Using pair HTTP connection
01-21 22:47:12.113  1538  2102 I AiAiEcho: Predicting[0]: 
01-21 22:47:12.113  1538  2102 I AiAiEcho: Ranked targets strategy: SORT, count: 0, ranking metadata: 
01-21 22:47:12.114  1538  2102 I AiAiEcho: #postPredictionTargets: Sending updates to UISurface lockscreen with targets# 0
01-21 22:47:12.115  1538  2102 I AiAiEcho: #postPredictionTargets: Sending updates to UISurface home with targets# 0
01-21 22:47:12.115  1538  2102 I AiAiEcho: #postPredictionTargets: Sending updates to UISurface media_data_manager with targets# 0
01-21 22:47:12.116   833   833 D SsMediaDataProvider: Forwarding Smartspace updates []
01-21 22:47:12.116   551  1548 W AppSearchIcing: icing-search-engine.cc:217: Error: 5, Message: Document (com.google.android.googlequicksearchbox$OneSearchZeroStateGoogleSuggestions/default, zp) not found.
01-21 22:47:12.152  1201  1718 D OneSearchSuggestProvider: Created the binder channel successfully for end point service =com.google.android.apps.search.googleapp.search.suggest.plugins.onesearch.server.OneSearchSuggestService , mChannel=Q0{delegate=L0{logId=13, target=directaddress:///AndroidComponentAddress%5BIntent%20%7B%20act=grpc.io.action.BIND%20cmp=com.google.android.googlequicksearchbox/com.google.android.apps.search.googleapp.search.suggest.plugins.onesearch.server.OneSearchSuggestService%20%7D%5D}} , mOneSearchConnection=y1.J@ce9a8d
01-21 22:47:12.185  1754  1754 I A       : (REDACTED) Created gRPC endpoint for service %s
01-21 22:47:12.194  1754  5312 I A       : [Upload] Connected
01-21 22:47:12.197  2899  2899 I GoogleInputMethodService: GoogleInputMethodService.onFinishInput():3227 
01-21 22:47:12.211  2899  2899 I GoogleInputMethodService: GoogleInputMethodService.updateDeviceLockedStatus():2087 repeatCheckTimes = 0, unlocked = true
01-21 22:47:12.211  2899  2899 I GoogleInputMethodService: GoogleInputMethodService.onStartInput():1877 onStartInput(EditorInfo{inputType=0x0(NULL) imeOptions=0x0 privateImeOptions=null actionName=UNSPECIFIED actionLabel=null actionId=0 initialSelStart=-1 initialSelEnd=-1 initialCapsMode=0x0 hintText=null label=null packageName=com.google.android.apps.nexuslauncher fieldId=-1 fieldName=null extras=null}, false)
01-21 22:47:12.211  2899  2899 I GoogleInputMethodService: GoogleInputMethodService.shouldHideHeaderOnInitialState():4008 ShouldHideHeaderOnInitialState = false
01-21 22:47:12.212  1754  1754 E A       : onError
01-21 22:47:12.212  1754  1754 E A       : com.google.android.apps.gsa.shared.speech.a.m: errorCode: 65561, engine: 2
01-21 22:47:12.212  1754  1754 E A       : 	at com.google.android.apps.gsa.staticplugins.da.a.f.a(PG:3)
01-21 22:47:12.212  1754  1754 E A       : 	at com.google.android.apps.gsa.s3.o.gO(PG:1)
01-21 22:47:12.212  1754  1754 E A       : 	at com.google.cc.g.a.f.e(PG:2)
01-21 22:47:12.212  1754  1754 E A       : 	at com.google.android.apps.gsa.speech.k.a.g.d(PG:22)
01-21 22:47:12.212  1754  1754 E A       : 	at com.google.android.apps.gsa.speech.k.a.g.jB(PG:6)
01-21 22:47:12.212  1754  1754 E A       : 	at com.google.android.apps.gsa.s3.p.c(PG:14)
01-21 22:47:12.212  1754  1754 E A       : 	at com.google.android.apps.gsa.s3.q.run(PG:1)
01-21 22:47:12.212  1754  1754 E A       : 	at java.util.concurrent.Executors$RunnableAdapter.call(Executors.java:463)
01-21 22:47:12.212  1754  1754 E A       : 	at java.util.concurrent.FutureTask.run(FutureTask.java:264)
01-21 22:47:12.212  1754  1754 E A       : 	at com.google.android.apps.gsa.shared.util.c.a.e.run(PG:2)
01-21 22:47:12.212  1754  1754 E A       : 	at com.google.android.apps.gsa.shared.util.c.a.bi.run(PG:1)
01-21 22:47:12.212  1754  1754 E A       : 	at com.google.android.apps.gsa.shared.util.c.a.bi.run(PG:1)
01-21 22:47:12.212  1754  1754 E A       : 	at java.util.concurrent.ThreadPoolExecutor.runWorker(ThreadPoolExecutor.java:1137)
01-21 22:47:12.212  1754  1754 E A       : 	at java.util.concurrent.ThreadPoolExecutor$Worker.run(ThreadPoolExecutor.java:637)
01-21 22:47:12.212  1754  1754 E A       : 	at java.lang.Thread.run(Thread.java:1012)
01-21 22:47:12.212  1754  1754 E A       : 	at com.google.android.apps.gsa.shared.util.c.a.l.run(PG:5)
01-21 22:47:12.212  1754  1754 E A       : Caused by: com.google.android.apps.gsa.shared.speech.a.o: errorCode: 65586, engine: 2
01-21 22:47:12.212  1754  1754 E A       : 	... 15 more
01-21 22:47:12.212  1754  1754 E A       : Caused by: com.google.android.apps.gsa.shared.speech.a.k: errorCode: 401, engine: 2
01-21 22:47:12.212  1754  1754 E A       : 	at com.google.android.apps.gsa.assistant.shared.n.h.a(PG:5)
01-21 22:47:12.212  1754  1754 E A       : 	at com.google.android.apps.gsa.s3.producers.j.hh(PG:2)
01-21 22:47:12.212  1754  1754 E A       : 	at com.google.android.apps.gsa.speech.k.a.g.d(PG:16)
01-21 22:47:12.212  1754  1754 E A       : 	... 12 more
01-21 22:47:12.217  2899  2899 I GoogleInputMethodService: GoogleInputMethodService.updateDeviceLockedStatus():2087 repeatCheckTimes = 2, unlocked = true
01-21 22:47:12.284  1754  5312 I NetworkRecognitionRnr: Using pair HTTP connection
01-21 22:47:12.297  1754  5318 I A       : [Upload] Connected
01-21 22:47:12.298  1754  1909 W CronetNetworkRqstWrppr: Upload request without a content type.
01-21 22:47:12.299  1754  1754 W A       : Failed to sync device settings.
01-21 22:47:12.299  1754  1754 I A       : Retrying to sync device settings.
01-21 22:47:12.334   551  2379 W JobScheduler: Job didn't exist in JobStore: f12b89a #u0a120/-353 com.google.android.googlequicksearchbox/com.google.android.apps.gsa.tasks.BackgroundTasksJobService
01-21 22:47:12.426   337   432 W TransactionTracing: Could not find layer handle 0xb4000073622ec430
01-21 22:47:12.427   337   432 W TransactionTracing: Could not find layer handle 0xb4000073622ec430
01-21 22:47:12.427   337   432 W TransactionTracing: Could not find layer handle 0xb4000073622ec430
01-21 22:47:12.511  5305  5305 W dex2oat64: Verification of void mono.android.widget.NumberPicker_OnScrollListenerImplementor.onScrollStateChange(android.widget.NumberPicker, int) took 168.055ms (23.80 bytecodes/s) (1328B approximate peak alloc)
01-21 22:47:12.533  5305  5316 W dex2oat64: Verification of void mono.android.widget.NumberPicker_OnValueChangeListenerImplementor.onValueChange(android.widget.NumberPicker, int, int) took 187.037ms (21.39 bytecodes/s) (1360B approximate peak alloc)
01-21 22:47:12.623  5305  5305 I dex2oat64: dex2oat took 657.465ms (197.151ms cpu) (threads: 4) arena alloc=0B (0B) java alloc=416KB (426560B) native alloc=1247KB (1277008B) free=1181KB (1209856B)
01-21 22:47:12.637   388   388 V installd: DexInv: --- END '/data/app/~~s__UGu3z7UpQF60eUdrA1Q==/com.xamarin.android.helloworld-9ASKHy_GHjd9malbU1i6Zw==/base.apk' (success) ---
01-21 22:47:12.658   551   637 I AppsFilter: interaction: PackageSetting{18a492c com.companyname.testminandroidapilevel/10174} -> PackageSetting{b70918a com.xamarin.android.helloworld/10176} BLOCKED
01-21 22:47:12.664   551   637 I ActivityManager: Force stopping com.xamarin.android.helloworld appid=10176 user=0: pkg removed
01-21 22:47:12.692   551   712 I InputReader: Reconfiguring input devices, changes=KEYBOARD_LAYOUTS | 
01-21 22:47:12.696   935   935 V MediaPlayerList: mPackageChangedBroadcastReceiver: action: android.intent.action.PACKAGE_REMOVED
01-21 22:47:12.696   935   935 V MediaPlayerList: mPackageChangedBroadcastReceiver: action: android.intent.action.PACKAGE_REMOVED
01-21 22:47:12.696  1545  1545 I GsaVoiceInteractionSrv: (REDACTED) O received %s
01-21 22:47:12.698   551   606 W BroadcastQueue: Background execution not allowed: receiving Intent { act=android.intent.action.PACKAGE_REMOVED dat=package: flg=0x4000010 (has extras) } to com.google.android.gms/.games.chimera.GamesSystemBroadcastReceiverProxy
01-21 22:47:12.698   551   606 W BroadcastQueue: Background execution not allowed: receiving Intent { act=android.intent.action.PACKAGE_REMOVED dat=package: flg=0x4000010 (has extras) } to com.google.android.gms/.chimera.GmsIntentOperationService$PersistentTrustedReceiver
01-21 22:47:12.698   551   606 W BroadcastQueue: Background execution not allowed: receiving Intent { act=android.intent.action.PACKAGE_REMOVED dat=package: flg=0x4000010 (has extras) } to com.google.android.googlequicksearchbox/com.google.android.apps.gsa.googlequicksearchbox.GelStubAppWatcher
01-21 22:47:12.701  1518  1518 W MediaProvider: WorkProfileOwnerApps cache is empty
01-21 22:47:12.710   833   833 D ControlsListingControllerImpl: ServiceConfig reloaded, count: 0
01-21 22:47:12.740   551   551 I Telecom : CarModeTracker: Package com.xamarin.android.helloworld is not tracked.: SSH.oR@AcY
01-21 22:47:12.740   551   551 I Telecom : InCallController: updateCarModeForConnections: car mode apps: : SSH.oR@AcY
01-21 22:47:12.766   551   637 D CompatibilityChangeReporter: Compat change id reported: 168419799; UID 10176; state: DISABLED
01-21 22:47:12.767   551   637 D CompatibilityChangeReporter: Compat change id reported: 273564678; UID 10176; state: DISABLED
01-21 22:47:12.774   551   637 D PackageInstallerSession: Marking session 922211869 as applied
01-21 22:47:12.774   388   388 E installd: Couldn't opendir /data/app/vmdl922211869.tmp: No such file or directory
01-21 22:47:12.775   388   388 E installd: Failed to delete /data/app/vmdl922211869.tmp: No such file or directory
01-21 22:47:13.040   551   551 W system_server: Long monitor contention with owner jobscheduler.bg (684) at boolean com.android.server.job.controllers.QuotaController$TopAppTimer.isActive()(QuotaController.java:2430) waiters=0 in void com.android.server.job.controllers.QuotaController$QcHandler.handleMessage(android.os.Message) for 236ms
01-21 22:47:13.041   551   551 W Looper  : Slow dispatch took 275ms main h=com.android.server.job.controllers.QuotaController$QcHandler c=null m=5
01-21 22:47:13.041   551   551 W Looper  : Slow delivery took 276ms main h=com.android.server.job.controllers.QuotaController$QcHandler c=null m=5
01-21 22:47:13.054   551   594 W Looper  : Slow dispatch took 244ms android.ui h=com.android.server.am.ActivityManagerService$UiHandler c=com.android.server.am.UidObserverController$$ExternalSyntheticLambda0@8867a7e m=0
01-21 22:47:13.063   551  4855 D IntervalStats: Unable to parse usage stats packages: [196]
01-21 22:47:13.067   551   551 W Looper  : Drained
01-21 22:47:13.064   551   551 W binder:551_17: type=1400 audit(0.0:41): avc: denied { getopt } for scontext=u:r:system_server:s0 tcontext=u:r:shell:s0 tclass=unix_stream_socket permissive=0
01-21 22:47:13.064   551   551 W binder:551_17: type=1400 audit(0.0:42): avc: denied { getopt } for scontext=u:r:system_server:s0 tcontext=u:r:shell:s0 tclass=unix_stream_socket permissive=0
01-21 22:47:13.064   551   551 W binder:551_17: type=1400 audit(0.0:43): avc: denied { getopt } for scontext=u:r:system_server:s0 tcontext=u:r:shell:s0 tclass=unix_stream_socket permissive=0
01-21 22:47:13.074   551   712 I InputReader: Reconfiguring input devices, changes=KEYBOARD_LAYOUTS | 
01-21 22:47:13.074   935   935 V MediaPlayerList: mPackageChangedBroadcastReceiver: action: android.intent.action.PACKAGE_ADDED
01-21 22:47:13.075   935   935 D MediaPlayerList: Name of package changed: com.xamarin.android.helloworld
01-21 22:47:13.082  1545  1545 I GsaVoiceInteractionSrv: (REDACTED) O received %s
01-21 22:47:13.084   551   799 I SdkSandboxManager: No SDKs used. Skipping SDK data reconcilation for CallingInfo{mUid=10176, mPackageName='com.xamarin.android.helloworld'}
01-21 22:47:13.090   935   935 V MediaPlayerList: mPackageChangedBroadcastReceiver: action: android.intent.action.PACKAGE_ADDED
01-21 22:47:13.090   935   935 D MediaPlayerList: Name of package changed: com.xamarin.android.helloworld
01-21 22:47:13.098   551   799 I SdkSandboxManager: No SDKs used. Skipping SDK data reconcilation for CallingInfo{mUid=10176, mPackageName='com.xamarin.android.helloworld'}
01-21 22:47:13.101   551   606 W BroadcastQueue: Background execution not allowed: receiving Intent { act=android.intent.action.PACKAGE_ADDED dat=package: flg=0x4000010 (has extras) } to com.google.android.packageinstaller/com.android.packageinstaller.PackageInstalledReceiver
01-21 22:47:13.102   551   606 W BroadcastQueue: Background execution not allowed: receiving Intent { act=android.intent.action.PACKAGE_ADDED dat=package: flg=0x4000010 (has extras) } to com.google.android.gms/.games.chimera.GamesSystemBroadcastReceiverProxy
01-21 22:47:13.111   551   606 W BroadcastQueue: Background execution not allowed: receiving Intent { act=android.intent.action.PACKAGE_ADDED dat=package: flg=0x4000010 (has extras) } to com.google.android.gms/.gass.chimera.PackageChangeBroadcastReceiver
01-21 22:47:13.111   551   606 W BroadcastQueue: Background execution not allowed: receiving Intent { act=android.intent.action.PACKAGE_ADDED dat=package: flg=0x4000010 (has extras) } to com.google.android.gms/.chimera.GmsIntentOperationService$PersistentTrustedReceiver
01-21 22:47:13.111   551   606 W BroadcastQueue: Background execution not allowed: receiving Intent { act=android.intent.action.PACKAGE_ADDED dat=package: flg=0x4000010 (has extras) } to com.google.android.googlequicksearchbox/com.google.android.apps.gsa.googlequicksearchbox.GelStubAppWatcher
01-21 22:47:13.111   551   606 W BroadcastQueue: Background execution not allowed: receiving Intent { act=android.intent.action.PACKAGE_REPLACED dat=package: flg=0x4000010 (has extras) } to com.google.android.gms/.gass.chimera.PackageChangeBroadcastReceiver
01-21 22:47:13.111   551   606 W BroadcastQueue: Background execution not allowed: receiving Intent { act=android.intent.action.PACKAGE_REPLACED dat=package: flg=0x4000010 (has extras) } to com.google.android.gms/.chimera.GmsIntentOperationService$PersistentTrustedReceiver
01-21 22:47:13.111   551   606 W BroadcastQueue: Background execution not allowed: receiving Intent { act=android.intent.action.PACKAGE_REPLACED dat=package: flg=0x4000010 (has extras) } to com.google.android.googlequicksearchbox/com.google.android.apps.gsa.googlequicksearchbox.GelStubAppWatcher
01-21 22:47:13.117  1014  1014 D CarrierSvcBindHelper: onPackageUpdateFinished: com.xamarin.android.helloworld
01-21 22:47:13.118  1014  1014 D CarrierSvcBindHelper: No carrier app for: 0
01-21 22:47:13.118  1014  1014 D CarrierSvcBindHelper: onPackageModified: com.xamarin.android.helloworld
01-21 22:47:13.118  1014  1014 D CarrierSvcBindHelper: No carrier app for: 0
01-21 22:47:13.129   551   712 I InputReader: Reconfiguring input devices, changes=KEYBOARD_LAYOUTS | 
01-21 22:47:13.130   833   833 D ControlsListingControllerImpl: ServiceConfig reloaded, count: 0
01-21 22:47:13.131   833   833 D ControlsListingControllerImpl: ServiceConfig reloaded, count: 0
01-21 22:47:13.140  1014  1014 D ImsResolver: maybeAddedImsService, packageName: com.xamarin.android.helloworld
01-21 22:47:13.154   551   551 I Telecom : DefaultDialerCache: Refreshing default dialer for user 0: now com.google.android.dialer: DDC.oR@Ack
01-21 22:47:13.156   551   551 V BackupManagerConstants: getFullBackupIntervalMilliseconds(...) returns 86400000
01-21 22:47:13.161   551   551 V BackupManagerConstants: getFullBackupRequiredNetworkType(...) returns 2
01-21 22:47:13.161   551   551 V BackupManagerConstants: getFullBackupRequireCharging(...) returns true
01-21 22:47:13.210  1545  1545 I GsaVoiceInteractionSrv: (REDACTED) O received %s
01-21 22:47:13.213   551   551 D CompatibilityChangeReporter: Compat change id reported: 218533173; UID 10176; state: ENABLED
01-21 22:47:13.213   551   551 D CompatibilityChangeReporter: Compat change id reported: 171306433; UID 10176; state: ENABLED
01-21 22:47:13.213   551   551 W AlarmManager: Package com.xamarin.android.helloworld, uid 10176 lost permission to set exact alarms!
01-21 22:47:13.222  2459  2499 I PermissionControllerServiceImpl: Updating user sensitive for uid 10176
01-21 22:47:13.265  1754  2441 W SearchServiceCore: Abort, client detached.
01-21 22:47:13.265  1754  2441 W SearchServiceCore: Abort, client detached.
01-21 22:47:13.298  1754  2441 W SearchServiceCore: Abort, client detached.
01-21 22:47:13.301  1341  5325 I Fitness : FitCleanupIntentOperation received Intent android.intent.action.PACKAGE_REMOVED [CONTEXT service_id=17 ]
01-21 22:47:13.313   551   634 E VerityUtils: Failed to measure fs-verity, errno 1: /data/app/~~s__UGu3z7UpQF60eUdrA1Q==/com.xamarin.android.helloworld-9ASKHy_GHjd9malbU1i6Zw==/base.apk
01-21 22:47:13.320  1645  5331 I Auth    : [SupervisedAccountIntentOperation] onHandleIntent(): android.intent.action.PACKAGE_ADDED
01-21 22:47:13.589  1645  5338 W SQLiteLog: (28) double-quoted string literal: "com.xamarin.android.helloworld"
01-21 22:47:13.654   833   843 I ndroid.systemui: Background concurrent copying GC freed 37615(2058KB) AllocSpace objects, 18(1100KB) LOS objects, 49% free, 15MB/30MB, paused 43us,46us total 943.573ms
01-21 22:47:13.682   551   551 W Looper  : Slow dispatch took 221ms main h=com.android.server.accessibility.AccessibilityManagerService$MainHandler c=com.android.server.accessibility.AccessibilityManagerService$$ExternalSyntheticLambda35@6716b9a m=0
01-21 22:47:13.683   551   551 W Looper  : Slow delivery took 237ms main h=com.android.server.accessibility.AccessibilityManagerService$MainHandler c=<recycled PooledLambda@74ca0d6> m=0
01-21 22:47:13.685   551   551 W Looper  : Drained
01-21 22:47:13.890  1341  5340 I ProximityAuth: [RecentAppsMediator] Package added: (user=UserHandle{0}) com.xamarin.android.helloworld
01-21 22:47:13.900   833  1105 D EGL_emulation: app_time_stats: avg=13842.82ms min=13842.82ms max=13842.82ms count=1
01-21 22:47:13.907  1645  1645 D BoundBrokerSvc: onBind: Intent { act=com.google.android.gms.common.BIND_SHARED_PREFS pkg=com.google.android.gms }
01-21 22:47:13.917  1645  1645 D BoundBrokerSvc: Loading bound service for intent: Intent { act=com.google.android.gms.common.BIND_SHARED_PREFS pkg=com.google.android.gms }
01-21 22:47:13.957  1341  1424 W ChimeraUtils: Module com.google.android.gms.nearby_en missing resource null(0)
01-21 22:47:14.027   551  2369 D CompatibilityChangeReporter: Compat change id reported: 161252188; UID 10176; state: DISABLED
01-21 22:47:14.068  1341  1424 W ChimeraUtils: Module com.google.android.gms.nearby_en missing resource null(0)
01-21 22:47:14.069  1645  1645 D BoundBrokerSvc: onUnbind: Intent { act=com.google.android.gms.common.BIND_SHARED_PREFS pkg=com.google.android.gms }
01-21 22:47:14.452  1341  1354 I .gms.persistent: Background concurrent copying GC freed 40454(1935KB) AllocSpace objects, 0(0B) LOS objects, 49% free, 13MB/26MB, paused 74us,32us total 1.784s
01-21 22:47:14.491   551   565 I system_server: Background concurrent copying GC freed 262757(12MB) AllocSpace objects, 22(1056KB) LOS objects, 49% free, 22MB/45MB, paused 267us,234us total 1.807s
01-21 22:47:14.504   551   914 D ConnectivityService: requestNetwork for uid/pid:10120/1754 activeRequest: null callbackRequest: 158 [NetworkRequest [ REQUEST id=158, [ Transports: CELLULAR Capabilities: INTERNET&NOT_RESTRICTED&TRUSTED&NOT_VPN&NOT_VCN_MANAGED Uid: 10120 RequestorUid: 10120 RequestorPkg: com.google.android.googlequicksearchbox UnderlyingNetworks: Null] ]] callback flags: 0 order: 2147483647
01-21 22:47:14.512  1645  2752 I Icing   : IndexChimeraService.getServiceInterface callingPackage=com.google.android.gms componentName=AppsCorpus serviceId=36
01-21 22:47:14.528   293   293 I netd    : networkSetPermissionForNetwork(100, 0) <6.21ms>
01-21 22:47:14.544  1645  1645 D BoundBrokerSvc: onBind: Intent { act=com.google.android.gms.feedback.internal.IFeedbackService dat=chimera-action:/... cmp=com.google.android.gms/.chimera.GmsBoundBrokerService }
01-21 22:47:14.544  1645  1645 D BoundBrokerSvc: Loading bound service for intent: Intent { act=com.google.android.gms.feedback.internal.IFeedbackService dat=chimera-action:/... cmp=com.google.android.gms/.chimera.GmsBoundBrokerService }
01-21 22:47:14.580  1341  1341 D BoundBrokerSvc: onBind: Intent { act=com.google.android.gms.icing.LIGHTWEIGHT_INDEX_SERVICE dat=chimera-action:/... cmp=com.google.android.gms/.chimera.PersistentApiService }
01-21 22:47:14.580  1341  1341 D BoundBrokerSvc: Loading bound service for intent: Intent { act=com.google.android.gms.icing.LIGHTWEIGHT_INDEX_SERVICE dat=chimera-action:/... cmp=com.google.android.gms/.chimera.PersistentApiService }
01-21 22:47:14.597   551   756 D ConnectivityService: NetReassign [158 : null  100] [c 0] [a 48] [i 44]
01-21 22:47:14.597   551   756 D ConnectivityService: reportNetworkConnectivity(101, false) by 10120
01-21 22:47:14.597   922  2608 D NetworkMonitor/101: Forcing reevaluation for UID 10120. Dns signal count: 0
01-21 22:47:14.656   922  5363 D TrafficStats: tagSocket(69) with statsTag=0xffffff81, statsUid=-1
01-21 22:47:14.657   922  5363 D TrafficStats: tagSocket(69) with statsTag=0xffffff81, statsUid=-1
01-21 22:47:14.661   293  5365 I resolv  : ResNSendHandler::run: 0 / {101 983141 101 983141 1073 1}
01-21 22:47:14.672   293  5366 I resolv  : ResNSendHandler::run: 0 / {101 983141 101 983141 1073 1}
01-21 22:47:14.681   293  5365 I resolv  : res_nsend: used send_dg 60 terrno: 0
01-21 22:47:14.692   293  5366 I resolv  : res_nsend: used send_dg 48 terrno: 0
01-21 22:47:14.694   922   922 D TrafficStats: tagSocket(69) with statsTag=0xffffffff, statsUid=-1
01-21 22:47:14.695   922   922 D TrafficStats: tagSocket(69) with statsTag=0xffffffff, statsUid=-1
01-21 22:47:14.695   922  5363 D NetworkMonitor/101: PROBE_DNS www.google.com 43ms OK 172.217.19.4,2a00:1450:4014:801::2004
01-21 22:47:14.728   922  5364 D TrafficStats: tagSocket(98) with statsTag=0xffffff81, statsUid=-1
01-21 22:47:14.730   922  5364 D TrafficStats: tagSocket(98) with statsTag=0xffffff81, statsUid=-1
01-21 22:47:14.740   293  5368 I resolv  : ResNSendHandler::run: 0 / {101 983141 101 983141 1073 1}
01-21 22:47:14.740   293  5369 I resolv  : ResNSendHandler::run: 0 / {101 983141 101 983141 1073 1}
01-21 22:47:14.774   293  5367 I resolv  : GetAddrInfoHandler::run: {101 983141 101 983141 1073 1}
01-21 22:47:14.777  1645  5229 I Icing   : Usage reports ok 1, Failed Usage reports 0, indexed 0, rejected 0
01-21 22:47:14.795   293  5369 I resolv  : res_nsend: used send_dg 63 terrno: 0
01-21 22:47:14.799   293  5368 I resolv  : res_nsend: used send_dg 75 terrno: 0
01-21 22:47:14.801   922   922 D TrafficStats: tagSocket(98) with statsTag=0xffffffff, statsUid=-1
01-21 22:47:14.804   293  5370 I resolv  : res_nmkquery: (QUERY, IN, AAAA)
01-21 22:47:14.804   293  5370 I resolv  : resolv_cache_lookup: FOUND IN CACHE entry=0xb40000705c63ea90
01-21 22:47:14.804   293  5370 I resolv  : doQuery: rcode=0, ancount=1, return value=60
01-21 22:47:14.809   293  5371 I resolv  : res_nmkquery: (QUERY, IN, A)
01-21 22:47:14.813   293  5371 I resolv  : resolv_cache_lookup: FOUND IN CACHE entry=0xb40000704c64a9b0
01-21 22:47:14.813   293  5371 I resolv  : doQuery: rcode=0, ancount=1, return value=48
01-21 22:47:14.819   922   922 D TrafficStats: tagSocket(98) with statsTag=0xffffffff, statsUid=-1
01-21 22:47:14.824   922  5364 D NetworkMonitor/101: PROBE_DNS connectivitycheck.gstatic.com 95ms OK 142.251.141.163,2a00:1450:4014:801::2003
01-21 22:47:14.835   922  5363 D TrafficStats: tagSocket(69) with statsTag=0xffffff81, statsUid=-1
01-21 22:47:15.002   922  5363 D NetworkMonitor/101: PROBE_HTTPS https://www.google.com/generate_204 time=268ms ret=204 request={Connection=[close], User-Agent=[Mozilla/5.0 (X11; Linux x86_64) AppleWebKit/537.36 (KHTML, like Gecko) Chrome/60.0.3112.32 Safari/537.36]} headers={null=[HTTP/1.1 204 No Content], Alt-Svc=[h3=":443"; ma=2592000,h3-29=":443"; ma=2592000], Connection=[close], Content-Length=[0], Cross-Origin-Resource-Policy=[cross-origin], Date=[Wed, 21 Jan 2026 21:47:14 GMT], X-Android-Received-Millis=[1769032034986], X-Android-Response-Source=[NETWORK 204], X-Android-Selected-Protocol=[http/1.1], X-Android-Sent-Millis=[1769032034948]}
01-21 22:47:15.027   922  5362 D NetworkMonitor/101: isCaptivePortal: isSuccessful()=true isPortal()=false RedirectUrl=null isPartialConnectivity()=false Time=423ms
01-21 22:47:15.030  1341  1341 W .gms.persistent: Long monitor contention with owner GoogleApiHandler (1420) at boolean abnp.d(abno, android.content.ServiceConnection, java.lang.String, java.util.concurrent.Executor)(:com.google.android.gms@231818044@23.18.18 (190400-535401451):15) waiters=0 in void abnq.onServiceConnected(android.content.ComponentName, android.os.IBinder) for 153ms
01-21 22:47:15.030   551   756 D ConnectivityService: [101 WIFI] validation passed
01-21 22:47:15.032   551   634 E VerityUtils: Failed to measure fs-verity, errno 1: /data/app/~~s__UGu3z7UpQF60eUdrA1Q==/com.xamarin.android.helloworld-9ASKHy_GHjd9malbU1i6Zw==/base.apk
01-21 22:47:15.035  1645  2752 I Icing   : IndexChimeraService.getServiceInterface callingPackage=com.google.android.gms componentName=null serviceId=30
01-21 22:47:15.054   293  5373 I resolv  : GetAddrInfoHandler::run: {101 983141 101 983141 1073 1}
01-21 22:47:15.057   293  5375 I resolv  : res_nmkquery: (QUERY, IN, A)
01-21 22:47:15.058   293  5375 I resolv  : resolv_cache_lookup: FOUND IN CACHE entry=0xb40000706c645dd0
01-21 22:47:15.058   293  5375 I resolv  : doQuery: rcode=0, ancount=1, return value=63
01-21 22:47:15.060   293  5374 I resolv  : res_nmkquery: (QUERY, IN, AAAA)
01-21 22:47:15.060   293  5374 I resolv  : resolv_cache_lookup: FOUND IN CACHE entry=0xb40000706c645890
01-21 22:47:15.060   293  5374 I resolv  : doQuery: rcode=0, ancount=1, return value=75
01-21 22:47:15.079   922  5364 D TrafficStats: tagSocket(69) with statsTag=0xffffff81, statsUid=-1
01-21 22:47:15.136   922  5364 D NetworkMonitor/101: PROBE_HTTP http://connectivitycheck.gstatic.com/generate_204 time=90ms ret=204 request={Connection=[close], User-Agent=[Mozilla/5.0 (X11; Linux x86_64) AppleWebKit/537.36 (KHTML, like Gecko) Chrome/60.0.3112.32 Safari/537.36]} headers={null=[HTTP/1.1 204 No Content], Connection=[close], Content-Length=[0], Cross-Origin-Resource-Policy=[cross-origin], Date=[Wed, 21 Jan 2026 21:47:14 GMT], X-Android-Received-Millis=[1769032035136], X-Android-Response-Source=[NETWORK 204], X-Android-Selected-Protocol=[http/1.1], X-Android-Sent-Millis=[1769032035113]}
01-21 22:47:15.175  1645  5229 I Icing   : Usage reports ok 0, Failed Usage reports 0, indexed 0, rejected 0
01-21 22:47:15.176  1645  5229 I Icing   : Indexing com.google.android.gms-apps from com.google.android.gms
01-21 22:47:15.186  1645  5229 I Icing   : Indexing done com.google.android.gms-apps
01-21 22:47:15.188  1645  5229 I Icing   : Indexing com.google.android.gms-apps from com.google.android.gms
01-21 22:47:15.190  1645  5229 I Icing   : Indexing done com.google.android.gms-apps
01-21 22:47:16.185  1754  5310 W A       : (REDACTED) [%s] response code: %d
01-21 22:47:30.045  1645  1645 D BoundBrokerSvc: onUnbind: Intent { act=com.google.android.gms.feedback.internal.IFeedbackService dat=chimera-action:/... cmp=com.google.android.gms/.chimera.GmsBoundBrokerService }
01-21 22:47:30.161  1341  1341 D BoundBrokerSvc: onUnbind: Intent { act=com.google.android.gms.icing.LIGHTWEIGHT_INDEX_SERVICE dat=chimera-action:/... cmp=com.google.android.gms/.chimera.PersistentApiService }
01-21 22:47:30.511   157   157 I logd    : logdr: UID=2000 GID=2000 PID=5376 b tail=0 logMask=99 pid=0 start=0ns deadline=0ns
01-21 22:47:33.142   551   699 D ActivityManager: freezing 4937 com.google.android.projection.gearhead:shared
01-21 22:47:33.207   551   699 D ActivityManager: freezing 4938 com.google.android.dialer
01-21 22:47:37.703   551   914 I ActivityTaskManager: START u0 {flg=0x10000000 cmp=com.xamarin.android.helloworld/example.MainActivity} from uid 2000
01-21 22:47:37.705   551   914 D CompatibilityChangeReporter: Compat change id reported: 265464455; UID 10176; state: DISABLED
01-21 22:47:37.705   551   914 D CompatibilityChangeReporter: Compat change id reported: 265452344; UID 10176; state: DISABLED
01-21 22:47:37.705   551   914 D CompatibilityChangeReporter: Compat change id reported: 266124927; UID 10176; state: DISABLED
01-21 22:47:37.705   551   914 D CompatibilityChangeReporter: Compat change id reported: 265451093; UID 10176; state: DISABLED
01-21 22:47:37.705   551   914 D CompatibilityChangeReporter: Compat change id reported: 265456536; UID 10176; state: DISABLED
01-21 22:47:37.705   551   914 D CompatibilityChangeReporter: Compat change id reported: 255940284; UID 10176; state: DISABLED
01-21 22:47:37.705   551   914 D CompatibilityChangeReporter: Compat change id reported: 236283604; UID 10176; state: DISABLED
01-21 22:47:37.705   551   914 D CompatibilityChangeReporter: Compat change id reported: 263959004; UID 10176; state: DISABLED
01-21 22:47:37.705   551   914 D CompatibilityChangeReporter: Compat change id reported: 264304459; UID 10176; state: DISABLED
01-21 22:47:37.705   551   914 D CompatibilityChangeReporter: Compat change id reported: 264301586; UID 10176; state: DISABLED
01-21 22:47:37.705   551   914 D CompatibilityChangeReporter: Compat change id reported: 254631730; UID 10176; state: DISABLED
01-21 22:47:37.706   551   914 D CompatibilityChangeReporter: Compat change id reported: 273509367; UID 10176; state: DISABLED
01-21 22:47:37.706   551   914 D CompatibilityChangeReporter: Compat change id reported: 263259275; UID 10176; state: DISABLED
01-21 22:47:37.709   551   914 D CompatibilityChangeReporter: Compat change id reported: 194480991; UID 10176; state: ENABLED
01-21 22:47:37.709   551   914 D CompatibilityChangeReporter: Compat change id reported: 174042980; UID 10176; state: DISABLED
01-21 22:47:37.718   551   914 D CompatibilityChangeReporter: Compat change id reported: 184838306; UID 10176; state: DISABLED
01-21 22:47:37.718   551   914 D CompatibilityChangeReporter: Compat change id reported: 185004937; UID 10176; state: DISABLED
01-21 22:47:37.718   551   914 D CompatibilityChangeReporter: Compat change id reported: 181136395; UID 10176; state: DISABLED
01-21 22:47:37.718   551   914 D CompatibilityChangeReporter: Compat change id reported: 174042936; UID 10176; state: DISABLED
01-21 22:47:37.725   551   914 D CompatibilityChangeReporter: Compat change id reported: 197654537; UID 10176; state: ENABLED
01-21 22:47:37.746   551   914 D CompatibilityChangeReporter: Compat change id reported: 205907456; UID 10176; state: ENABLED
01-21 22:47:37.761   551   596 D CompatibilityChangeReporter: Compat change id reported: 135634846; UID 10176; state: DISABLED
01-21 22:47:37.761   551   596 D CompatibilityChangeReporter: Compat change id reported: 177438394; UID 10176; state: DISABLED
01-21 22:47:37.761   551   596 D CompatibilityChangeReporter: Compat change id reported: 135772972; UID 10176; state: DISABLED
01-21 22:47:37.762   551   596 D CompatibilityChangeReporter: Compat change id reported: 135754954; UID 10176; state: ENABLED
01-21 22:47:37.767   551   607 D CompatibilityChangeReporter: Compat change id reported: 143937733; UID 10176; state: ENABLED
01-21 22:47:37.775   294   294 D Zygote  : Forked child process 5384
01-21 22:47:37.777   551   607 I ActivityManager: Start proc 5384:com.xamarin.android.helloworld/u0a176 for next-top-activity {com.xamarin.android.helloworld/example.MainActivity}
01-21 22:47:37.808  1201  1201 D MainContentCaptureSession: Flushing 1 event(s) for act:com.google.android.apps.nexuslauncher/.NexusLauncherActivity [state=2 (ACTIVE), disabled=false], reason=FULL
01-21 22:47:37.823   833  1089 D SplashScreenView: Build android.window.SplashScreenView{f9144a5 V.E...... ......ID 0,0-0,0}
01-21 22:47:37.823   833  1089 D SplashScreenView: Icon: view: android.widget.ImageView{62b07a V.ED..... ......I. 0,0-0,0 #10204dd android:id/splashscreen_icon_view} drawable: com.android.wm.shell.startingsurface.SplashscreenIconDrawableFactory$ImmobileIconDrawable@426802b size: 440
01-21 22:47:37.823   833  1089 D SplashScreenView: Branding: view: android.view.View{bb3dc88 G.ED..... ......I. 0,0-0,0 #10204dc android:id/splashscreen_branding_view} drawable: null size w: 0 h: 0
01-21 22:47:37.849  5384  5384 I roid.helloworld: Using CollectorTypeCC GC.
01-21 22:47:37.852   833  1105 W Parcel  : Expecting binder but got null!
01-21 22:47:37.857   551  2380 D CoreBackPreview: Window{5c385a6 u0 Splash Screen com.xamarin.android.helloworld}: Setting back callback OnBackInvokedCallbackInfo{mCallback=android.window.IOnBackInvokedCallback$Stub$Proxy@e7fc394, mPriority=0}
01-21 22:47:37.869   551  2380 W Binder  : Caught a RuntimeException from the binder stub implementation.
01-21 22:47:37.869   551  2380 W Binder  : java.lang.ArrayIndexOutOfBoundsException: Array index out of range: 0
01-21 22:47:37.869   551  2380 W Binder  : 	at android.util.ArraySet.valueAt(ArraySet.java:422)
01-21 22:47:37.869   551  2380 W Binder  : 	at com.android.server.contentcapture.ContentCapturePerUserService$ContentCaptureServiceRemoteCallback.updateContentCaptureOptions(ContentCapturePerUserService.java:733)
01-21 22:47:37.869   551  2380 W Binder  : 	at com.android.server.contentcapture.ContentCapturePerUserService$ContentCaptureServiceRemoteCallback.setContentCaptureWhitelist(ContentCapturePerUserService.java:646)
01-21 22:47:37.869   551  2380 W Binder  : 	at android.service.contentcapture.IContentCaptureServiceCallback$Stub.onTransact(IContentCaptureServiceCallback.java:115)
01-21 22:47:37.869   551  2380 W Binder  : 	at android.os.Binder.execTransactInternal(Binder.java:1285)
01-21 22:47:37.869   551  2380 W Binder  : 	at android.os.Binder.execTransact(Binder.java:1244)
01-21 22:47:37.871   365   430 I adbd    : jdwp connection from 5384
01-21 22:47:37.877   337   337 I BpBinder: onLastStrongRef automatically unlinking death recipients: <uncached descriptor>
01-21 22:47:37.892   833  1105 E OpenGLRenderer: Unable to match the desired swap behavior.
01-21 22:47:37.924  1201  1613 D EGL_emulation: app_time_stats: avg=4295.56ms min=24.68ms max=25388.12ms count=6
01-21 22:47:37.937  5384  5384 D CompatibilityChangeReporter: Compat change id reported: 171979766; UID 10176; state: ENABLED
01-21 22:47:37.958   551   914 W ActivityTaskManager: takeTaskSnapshot: taskId=13 not found or not visible
01-21 22:47:38.020  5384  5384 D nativeloader: Configuring classloader-namespace for other apk /data/app/~~s__UGu3z7UpQF60eUdrA1Q==/com.xamarin.android.helloworld-9ASKHy_GHjd9malbU1i6Zw==/base.apk. target_sdk_version=36, uses_libraries=, library_path=/data/app/~~s__UGu3z7UpQF60eUdrA1Q==/com.xamarin.android.helloworld-9ASKHy_GHjd9malbU1i6Zw==/lib/arm64:/data/app/~~s__UGu3z7UpQF60eUdrA1Q==/com.xamarin.android.helloworld-9ASKHy_GHjd9malbU1i6Zw==/base.apk!/lib/arm64-v8a, permitted_path=/data:/mnt/expand:/data/user/0/com.xamarin.android.helloworld
01-21 22:47:38.037  5384  5384 V GraphicsEnvironment: ANGLE Developer option for 'com.xamarin.android.helloworld' set to: 'default'
01-21 22:47:38.038  5384  5384 V GraphicsEnvironment: ANGLE GameManagerService for com.xamarin.android.helloworld: false
01-21 22:47:38.038  5384  5384 V GraphicsEnvironment: Neither updatable production driver nor prerelease driver is supported.
01-21 22:47:38.041  5384  5384 D NetworkSecurityConfig: No Network Security Config specified, using platform default
01-21 22:47:38.041  5384  5384 D NetworkSecurityConfig: No Network Security Config specified, using platform default
01-21 22:47:38.052   551  2374 D CompatibilityChangeReporter: Compat change id reported: 161145287; UID 10176; state: DISABLED
01-21 22:47:38.093   337   432 W TransactionTracing: Could not find layer handle 0xb4000073622e9bb0
01-21 22:47:38.316   833  1105 D EGL_emulation: app_time_stats: avg=4968.35ms min=2.09ms max=153418.22ms count=31
01-21 22:47:38.336   337   432 W TransactionTracing: Could not find layer handle 0xb4000073622ec250
01-21 22:47:38.430  5384  5384 D DOTNET  : AndroidCryptoNative_InitLibraryOnLoad: jint AndroidCryptoNative_InitLibraryOnLoad(JavaVM *, void *) in /__w/1/s/src/runtime/src/native/libs/System.Security.Cryptography.Native.Android/pal_jni.c
01-21 22:47:38.432  5384  5384 D DOTNET  : GetOptionalClassGRef: optional class com/android/org/conscrypt/OpenSSLEngineImpl was not found
01-21 22:47:38.509  5384  5384 I monodroid-typemap: TypeMapAttributeTypeMap: Initializing...
01-21 22:47:38.577  5384  5384 I monodroid-typemap: TypeMapAttributeTypeMap: Initialized external and invoker type mappings
01-21 22:47:38.622  5384  5412 D libEGL  : loaded /vendor/lib64/egl/libEGL_emulation.so
01-21 22:47:38.624  5384  5412 D libEGL  : loaded /vendor/lib64/egl/libGLESv1_CM_emulation.so
01-21 22:47:38.630  5384  5412 D libEGL  : loaded /vendor/lib64/egl/libGLESv2_emulation.so
01-21 22:47:38.697  5384  5384 I monodroid-typemap: TryGetJniNameForType: HelloWorld.MainActivity -> 'example/MainActivity' (from [Register])
01-21 22:47:38.698  5384  5384 I monodroid: RegisterNativeMembers: type=HelloWorld.MainActivity, methods=n_onCreate:(Landroid/os/Bundle;)V:GetOnCreate_Landroid_os_Bundle_Handler
01-21 22:47:38.698  5384  5384 I monodroid: n_onResume:()V:GetOnResumeHandler
01-21 22:47:38.698  5384  5384 I monodroid: 
01-21 22:47:38.699  5384  5384 I monodroid: DynamicNativeMembersRegistration: registered n_onCreate for HelloWorld.MainActivity
01-21 22:47:38.700  5384  5384 I monodroid: DynamicNativeMembersRegistration: registered n_onResume for HelloWorld.MainActivity
01-21 22:47:38.700  5384  5384 I monodroid: DynamicNativeMembersRegistration: calling RegisterNatives with 2 methods
01-21 22:47:38.701  5384  5384 I monodroid-typemap: TryGetJniNameForType: Java.Interop.TypeManager+JavaTypeManager -> 'mono/android/TypeManager' (from [Register])
01-21 22:47:38.702  5384  5384 I monodroid: RegisterNativeMembers: type=Java.Interop.TypeManager+JavaTypeManager, methods=n_activate:(Ljava/lang/String;Ljava/lang/String;Ljava/lang/Object;[Ljava/lang/Object;)V:GetActivateHandler
01-21 22:47:38.702  5384  5384 I monodroid: 
01-21 22:47:38.702  5384  5384 I monodroid: DynamicNativeMembersRegistration: registered n_activate for Java.Interop.TypeManager+JavaTypeManager
01-21 22:47:38.702  5384  5384 I monodroid: DynamicNativeMembersRegistration: calling RegisterNatives with 1 methods
01-21 22:47:38.885  5384  5384 D CompatibilityChangeReporter: Compat change id reported: 210923482; UID 10176; state: ENABLED
01-21 22:47:38.901  5384  5384 I monodroid-typemap: CreatePeer: handle=0xd1, targetType=Android.Views.View
01-21 22:47:38.901  5384  5384 I monodroid-typemap: CreatePeer: Found type Android.Widget.Button for Java class 'android/widget/Button'
01-21 22:47:38.904  5384  5384 I monodroid-typemap: TryGetJniNameForType: Android.Widget.Button -> 'android/widget/Button' (from [Register])
01-21 22:47:38.904  5384  5384 I monodroid-typemap: CreatePeer: Activating instance of Android.Widget.Button...
01-21 22:47:38.915  5384  5384 I monodroid-typemap: CreatePeer: SUCCESS - Created Android.Widget.Button for Java class 'android/widget/Button'
01-21 22:47:38.937  5384  5384 I monodroid-typemap: TryGetJniNameForType: Android.Views.View+IOnClickListenerImplementor -> 'mono/android/view/View_OnClickListenerImplementor' (from [Register])
01-21 22:47:38.939  5384  5384 I monodroid-typemap: TryGetJniNameForType: Android.Views.View+IOnClickListenerImplementor -> 'mono/android/view/View_OnClickListenerImplementor' (from [Register])
01-21 22:47:38.939  5384  5384 I monodroid: RegisterNativeMembers: type=Android.Views.View+IOnClickListenerImplementor, methods=n_onClick:(Landroid/view/View;)V:GetOnClick_Landroid_view_View_Handler:Android.Views.View+IOnClickListenerInvoker, Mono.Android, Version=0.0.0.0, Culture=neutral, PublicKeyToken=null
01-21 22:47:38.939  5384  5384 I monodroid: 
01-21 22:47:38.942  5384  5384 I monodroid: DynamicNativeMembersRegistration: registered n_onClick for Android.Views.View+IOnClickListenerImplementor
01-21 22:47:38.942  5384  5384 I monodroid: DynamicNativeMembersRegistration: calling RegisterNatives with 1 methods
01-21 22:47:38.971  5384  5384 I monodroid-test: Calling native stub Java_example_MainActivity_n_1onCreate__Landroid_os_Bundle_2V...
--------- beginning of crash
01-21 22:47:38.974  5384  5384 F libc    : Fatal signal 11 (SIGSEGV), code 1 (SEGV_MAPERR), fault addr 0x0 in tid 5384 (roid.helloworld), pid 5384 (roid.helloworld)
01-21 22:47:39.165  5415  5415 I crash_dump64: obtaining output fd from tombstoned, type: kDebuggerdTombstoneProto
01-21 22:47:39.189   195   195 I tombstoned: received crash request for pid 5384
01-21 22:47:39.197  5415  5415 I crash_dump64: performing dump of process 5384 (target tid = 5384)
01-21 22:47:39.323   833  1105 D EGL_emulation: app_time_stats: avg=9.61ms min=2.51ms max=32.29ms count=44
01-21 22:47:40.721   157   157 I logd    : logdr: UID=10176 GID=10176 PID=5415 n tail=0 logMask=8 pid=5384 start=0ns deadline=0ns
01-21 22:47:40.723   157   157 I logd    : logdr: UID=10176 GID=10176 PID=5415 n tail=0 logMask=1 pid=5384 start=0ns deadline=0ns
01-21 22:47:40.689  5415  5415 F DEBUG   : *** *** *** *** *** *** *** *** *** *** *** *** *** *** *** ***
01-21 22:47:40.689  5415  5415 F DEBUG   : Build fingerprint: 'google/sdk_gphone64_arm64/emu64a:13/TE1A.240213.009/12342917:userdebug/dev-keys'
01-21 22:47:40.689  5415  5415 F DEBUG   : Revision: '0'
01-21 22:47:40.689  5415  5415 F DEBUG   : ABI: 'arm64'
01-21 22:47:40.689  5415  5415 F DEBUG   : Timestamp: 2026-01-21 22:47:39.205146091+0100
01-21 22:47:40.689  5415  5415 F DEBUG   : Process uptime: 3s
01-21 22:47:40.689  5415  5415 F DEBUG   : Cmdline: com.xamarin.android.helloworld
01-21 22:47:40.689  5415  5415 F DEBUG   : pid: 5384, tid: 5384, name: roid.helloworld  >>> com.xamarin.android.helloworld <<<
01-21 22:47:40.689  5415  5415 F DEBUG   : uid: 10176
01-21 22:47:40.689  5415  5415 F DEBUG   : tagged_addr_ctrl: 0000000000000001 (PR_TAGGED_ADDR_ENABLE)
01-21 22:47:40.689  5415  5415 F DEBUG   : pac_enabled_keys: 000000000000000f (PR_PAC_APIAKEY, PR_PAC_APIBKEY, PR_PAC_APDAKEY, PR_PAC_APDBKEY)
01-21 22:47:40.689  5415  5415 F DEBUG   : signal 11 (SIGSEGV), code 1 (SEGV_MAPERR), fault addr 0x0000000000000000
01-21 22:47:40.689  5415  5415 F DEBUG   : Cause: null pointer dereference
01-21 22:47:40.689  5415  5415 F DEBUG   :     x0  0000006ef97a3635  x1  0000000000000014  x2  0000000000000000  x3  0000006f01bd3130
01-21 22:47:40.689  5415  5415 F DEBUG   :     x4  00000000000000e1  x5  0000006f7449dd7a  x6  646b6f6c6077645e  x7  7f7f7f7f7f7f7f7f
01-21 22:47:40.689  5415  5415 F DEBUG   :     x8  0000006ef97a3635  x9  0000000000000000  x10 0000000000000050  x11 0000000000000002
01-21 22:47:40.689  5415  5415 F DEBUG   :     x12 0000006ef9803894  x13 0056325f656c646e  x14 db979083e96dd4de  x15 ffffffffffffffff
01-21 22:47:40.690  5415  5415 F DEBUG   :     x16 0000006ef6787760  x17 0000007227d588a4  x18 00000072401b2000  x19 0000006f01bd3130
01-21 22:47:40.690  5415  5415 F DEBUG   :     x20 b400007038b47f50  x21 00000000000039e6  x22 0000000000000000  x23 0000000000001070
01-21 22:47:40.690  5415  5415 F DEBUG   :     x24 0000006f77a00880  x25 0000007ffbf15e30  x26 0000000018380001  x27 0000000000000000
01-21 22:47:40.690  5415  5415 F DEBUG   :     x28 0000007ffbf15d30  x29 0000007ffbf15b50
01-21 22:47:40.690  5415  5415 F DEBUG   :     lr  0000006ef98038ec  sp  0000007ffbf15b20  pc  0000000000000000  pst 0000000060001000
01-21 22:47:40.690  5415  5415 F DEBUG   : backtrace:
01-21 22:47:40.690  5415  5415 F DEBUG   :       #00 pc 0000000000000000  <unknown>
01-21 22:47:40.690  5415  5415 F DEBUG   :       #01 pc 00000000001ad8e8  /data/app/~~s__UGu3z7UpQF60eUdrA1Q==/com.xamarin.android.helloworld-9ASKHy_GHjd9malbU1i6Zw==/base.apk!libxamarin-app-clr.so (offset 0x28a4000) (Java_example_MainActivity_n_1onCreate__Landroid_os_Bundle_2V+84) (BuildId: 7e8e444fb44f1c2d8902033cce7676f1d94a5004)
01-21 22:47:40.690  5415  5415 F DEBUG   :       #02 pc 0000000000000dac  <anonymous:6eb4810000>
01-21 22:47:40.732   195   195 E tombstoned: Tombstone written to: tombstone_18
01-21 22:47:40.746   551  5420 W ActivityTaskManager:   Force finishing activity com.xamarin.android.helloworld/example.MainActivity
01-21 22:47:40.751   551  5421 I DropBoxManagerService: add tag=data_app_native_crash isTagEnabled=true flags=0x2
01-21 22:47:40.807     1     1 I init    : Untracked pid 5415 exited with status 0
01-21 22:47:40.807     1     1 I init    : Untracked pid 5415 did not have an associated service entry and will not be reaped
01-21 22:47:40.785   551   692 I BootReceiver: Copying /data/tombstones/tombstone_18 to DropBox (SYSTEM_TOMBSTONE)
01-21 22:47:40.785   551   692 I DropBoxManagerService: add tag=SYSTEM_TOMBSTONE isTagEnabled=true flags=0x6
01-21 22:47:40.862     1     1 I init    : Untracked pid 5417 exited with status 0
01-21 22:47:40.862     1     1 I init    : Untracked pid 5417 did not have an associated service entry and will not be reaped
01-21 22:47:40.845   337   337 I BpBinder: onLastStrongRef automatically unlinking death recipients: <uncached descriptor>
01-21 22:47:40.870   551   606 W BroadcastQueue: Background execution not allowed: receiving Intent { act=android.intent.action.DROPBOX_ENTRY_ADDED flg=0x10 (has extras) } to com.google.android.gms/.stats.service.DropBoxEntryAddedReceiver
01-21 22:47:40.870   551   606 W BroadcastQueue: Background execution not allowed: receiving Intent { act=android.intent.action.DROPBOX_ENTRY_ADDED flg=0x10 (has extras) } to com.google.android.gms/.chimera.GmsIntentOperationService$PersistentTrustedReceiver
01-21 22:47:40.878   551   606 W BroadcastQueue: Background execution not allowed: receiving Intent { act=android.intent.action.DROPBOX_ENTRY_ADDED flg=0x10 (has extras) } to com.google.android.gms/.stats.service.DropBoxEntryAddedReceiver
01-21 22:47:40.878   551   606 W BroadcastQueue: Background execution not allowed: receiving Intent { act=android.intent.action.DROPBOX_ENTRY_ADDED flg=0x10 (has extras) } to com.google.android.gms/.chimera.GmsIntentOperationService$PersistentTrustedReceiver
01-21 22:47:40.954    43    43 I binder  : undelivered transaction 247441, process died.
01-21 22:47:40.954    43    43 I binder  : undelivered transaction 247458, process died.
01-21 22:47:40.924   551  2380 I ActivityManager: Process com.xamarin.android.helloworld (pid 5384) has died: fg  TOP 
01-21 22:47:40.925   551   610 I libprocessgroup: Successfully killed process cgroup uid 10176 pid 5384 in 0ms
01-21 22:47:40.929   294   294 I Zygote  : Process 5384 exited due to signal 11 (Segmentation fault)
01-21 22:47:40.944  1201  1201 D MainContentCaptureSession: Flushing 1 event(s) for act:com.google.android.apps.nexuslauncher/.NexusLauncherActivity [state=2 (ACTIVE), disabled=false], reason=FULL
01-21 22:47:40.957   551   692 I DropBoxManagerService: add tag=SYSTEM_TOMBSTONE_PROTO isTagEnabled=true flags=0x4
01-21 22:47:40.960   551  3877 D HostConnection: HostComposition ext ANDROID_EMU_CHECKSUM_HELPER_v1 ANDROID_EMU_native_sync_v2 ANDROID_EMU_native_sync_v3 ANDROID_EMU_native_sync_v4 ANDROID_EMU_dma_v1 ANDROID_EMU_direct_mem ANDROID_EMU_host_composition_v1 ANDROID_EMU_host_composition_v2 ANDROID_EMU_vulkan ANDROID_EMU_deferred_vulkan_commands ANDROID_EMU_vulkan_null_optional_strings ANDROID_EMU_vulkan_create_resources_with_requirements ANDROID_EMU_YUV_Cache ANDROID_EMU_vulkan_ignored_handles ANDROID_EMU_has_shared_slots_host_memory_allocator ANDROID_EMU_vulkan_free_memory_sync ANDROID_EMU_vulkan_shader_float16_int8 ANDROID_EMU_vulkan_async_queue_submit ANDROID_EMU_vulkan_queue_submit_with_commands ANDROID_EMU_sync_buffer_data ANDROID_EMU_vulkan_async_qsri ANDROID_EMU_read_color_buffer_dma ANDROID_EMU_hwc_multi_configs GL_OES_EGL_image_external_essl3 GL_OES_vertex_array_object GL_KHR_texture_compression_astc_ldr ANDROID_EMU_host_side_tracing ANDROID_EMU_gles_max_version_3_0 
01-21 22:47:40.968   551  1548 W AppSearchIcing: icing-search-engine.cc:217: Error: 5, Message: Document (com.google.android.googlequicksearchbox$OneSearchZeroStateGoogleSuggestions/default, zp) not found.
01-21 22:47:40.973  1201  1718 D OneSearchSuggestProvider: Established or reuse existing binder channel authority=com.google.android.googlequicksearchbox
01-21 22:47:41.118   551  3877 W OpenGLRenderer: Failed to choose config with EGL_SWAP_BEHAVIOR_PRESERVED, retrying without...
01-21 22:47:41.122   551  3877 W OpenGLRenderer: Failed to initialize 101010-2 format, error = EGL_SUCCESS
01-21 22:47:41.124   551  3877 D EGL_emulation: eglCreateContext: 0xb400007008b7b190: maj 3 min 0 rcv 3
01-21 22:47:41.131  1538  2102 I AiAiEcho: Predicting[0]: 
01-21 22:47:41.131  1538  2102 I AiAiEcho: Ranked targets strategy: SORT, count: 0, ranking metadata: 
01-21 22:47:41.132   551  3877 D EGL_emulation: eglMakeCurrent: 0xb400007008b7b190: ver 3 0 (tinfo 0x7236d60080) (first time)
01-21 22:47:41.135   551  2392 W system_server: Long monitor contention with owner binder:551_1D (2380) at void com.android.server.wm.ActivityTaskManagerService$LocalService.handleAppDied(com.android.server.wm.WindowProcessController, boolean, java.lang.Runnable)(ActivityTaskManagerService.java:6151) waiters=1 in void com.android.server.wm.ActivityClientController.activityResumed(android.os.IBinder, boolean) for 156ms
01-21 22:47:41.143  1538  2102 I AiAiEcho: #postPredictionTargets: Sending updates to UISurface lockscreen with targets# 0
01-21 22:47:41.171  1538  2102 I AiAiEcho: #postPredictionTargets: Sending updates to UISurface home with targets# 0
01-21 22:47:41.171  1754  2094 E OpenGLRenderer: Unable to match the desired swap behavior.
01-21 22:47:41.188  2899  2899 I AppBase : AppBase.onTrimMemory():497 onTrimMemory(): 5
01-21 22:47:41.207  2899  2899 I GoogleInputMethodService: GoogleInputMethodService.onTrimMemory():4406 onTrimMemory(): 5
01-21 22:47:41.209   551   570 W InputManager-JNI: Input channel object '5c385a6 Splash Screen com.xamarin.android.helloworld (client)' was disposed without first being removed with the input manager!
01-21 22:47:41.212   551   661 W WindowManager: Failed looking up window session=Session{79d51bc 833:u0a10157} callers=com.android.server.wm.WindowManagerService.windowForClientLocked:6050 com.android.server.wm.Session.setOnBackInvokedCallbackInfo:943 android.view.IWindowSession$Stub.onTransact:1180 
01-21 22:47:41.212   551   661 E WindowManager: setOnBackInvokedCallback(): No window state for package:com.android.systemui
01-21 22:47:41.213  1201  1613 E OpenGLRenderer: Unable to match the desired swap behavior.
01-21 22:47:41.217  1538  2102 I AiAiEcho: #postPredictionTargets: Sending updates to UISurface media_data_manager with targets# 0
01-21 22:47:41.218   551  2380 D ActivityManager: sync unfroze 4461 com.google.android.gms.ui
01-21 22:47:41.221   337   432 W TransactionTracing: Could not find layer handle 0xb4000073622ec1f0
01-21 22:47:41.221   337   432 W TransactionTracing: Could not find layer handle 0xb4000073622eb530
01-21 22:47:41.238   551  2380 D ActivityManager: sync unfroze 2009 com.google.android.apps.messaging
01-21 22:47:41.244   551  2380 D ActivityManager: sync unfroze 4678 com.android.remoteprovisioner
01-21 22:47:41.244   551  2380 D ActivityManager: sync unfroze 3393 com.google.android.gms.unstable
01-21 22:47:41.244   551  2380 D ActivityManager: sync unfroze 2101 com.google.process.gapps
01-21 22:47:41.245   551  2380 D ActivityManager: sync unfroze 4748 com.google.android.partnersetup
01-21 22:47:41.278  1538  1538 I AiAi    : onTrimMemory() with level 5
01-21 22:47:41.281   551  2380 D ActivityManager: sync unfroze 4937 com.google.android.projection.gearhead:shared
01-21 22:47:41.281   551  2380 D ActivityManager: sync unfroze 4938 com.google.android.dialer
01-21 22:47:41.311   551   596 W system_server: Long monitor contention with owner binder:551_1D (2380) at void com.android.server.am.ActivityManagerService$AppDeathRecipient.binderDied()(ActivityManagerService.java:1479) waiters=0 in void com.android.server.am.ProcessRecord.updateProcessInfo(boolean, boolean, boolean) for 368ms
01-21 22:47:41.313   551  2374 W system_server: Long monitor contention with owner binder:551_1D (2380) at void com.android.server.am.ActivityManagerService$AppDeathRecipient.binderDied()(ActivityManagerService.java:1479) waiters=1 in void com.android.server.am.ActivityManagerService.serviceDoneExecuting(android.os.IBinder, int, int, int) for 371ms
01-21 22:47:41.313   551  2381 W system_server: Long monitor contention with owner binder:551_1D (2380) at void com.android.server.am.ActivityManagerService$AppDeathRecipient.binderDied()(ActivityManagerService.java:1479) waiters=2 in void com.android.server.am.ActivityManagerService.setHasTopUi(boolean) for 366ms
01-21 22:47:41.316   833   833 D SsMediaDataProvider: Forwarding Smartspace updates []
01-21 22:47:41.316   551  2369 W system_server: Long monitor contention with owner binder:551_1D (2380) at void com.android.server.am.ActivityManagerService$AppDeathRecipient.binderDied()(ActivityManagerService.java:1479) waiters=3 in android.content.ComponentName com.android.server.am.ActivityManagerService.startService(android.app.IApplicationThread, android.content.Intent, java.lang.String, boolean, java.lang.String, java.lang.String, int) for 332ms
01-21 22:47:41.321   551   596 W ActivityTaskManager: Activity top resumed state loss timeout for ActivityRecord{3f77385 u0 com.xamarin.android.helloworld/example.MainActivity} t29 f} isExiting}
01-21 22:47:41.412   551   606 W BroadcastQueue: Background execution not allowed: receiving Intent { act=android.intent.action.DROPBOX_ENTRY_ADDED flg=0x10 (has extras) } to com.google.android.gms/.stats.service.DropBoxEntryAddedReceiver
01-21 22:47:41.413   551   606 W BroadcastQueue: Background execution not allowed: receiving Intent { act=android.intent.action.DROPBOX_ENTRY_ADDED flg=0x10 (has extras) } to com.google.android.gms/.chimera.GmsIntentOperationService$PersistentTrustedReceiver
01-21 22:47:41.428   337   432 W TransactionTracing: Could not find layer handle 0xb4000073622eb530
01-21 22:47:41.428   337   432 W TransactionTracing: Could not find layer handle 0xb4000073622e9910
01-21 22:47:41.438  2899  2899 I GoogleInputMethodService: GoogleInputMethodService.onFinishInput():3227 
01-21 22:47:41.439  2899  2899 I GoogleInputMethodService: GoogleInputMethodService.updateDeviceLockedStatus():2087 repeatCheckTimes = 0, unlocked = true
01-21 22:47:41.439  2899  2899 I GoogleInputMethodService: GoogleInputMethodService.onStartInput():1877 onStartInput(EditorInfo{inputType=0x0(NULL) imeOptions=0x0 privateImeOptions=null actionName=UNSPECIFIED actionLabel=null actionId=0 initialSelStart=-1 initialSelEnd=-1 initialCapsMode=0x0 hintText=null label=null packageName=com.google.android.apps.nexuslauncher fieldId=-1 fieldName=null extras=null}, false)
01-21 22:47:41.439  2899  2899 I GoogleInputMethodService: GoogleInputMethodService.shouldHideHeaderOnInitialState():4008 ShouldHideHeaderOnInitialState = false
01-21 22:47:41.439  2899  2899 I GoogleInputMethodService: GoogleInputMethodService.updateDeviceLockedStatus():2087 repeatCheckTimes = 2, unlocked = true
01-21 22:47:41.500   833  1105 D EGL_emulation: app_time_stats: avg=69.58ms min=2.94ms max=1564.32ms count=26
01-21 22:47:41.665  2009  2048 W Bugle   : TextClassifierLibManagerImpl: Reclaiming memory at level: 80
01-21 22:47:42.504   833  1105 D EGL_emulation: app_time_stats: avg=10.40ms min=2.38ms max=44.38ms count=37
01-21 22:47:53.664   833  1105 D EGL_emulation: app_time_stats: avg=39764.17ms min=39764.17ms max=39764.17ms count=1
01-21 22:47:54.512   551   756 D ConnectivityService: releasing NetworkRequest [ REQUEST id=158, [ Transports: CELLULAR Capabilities: INTERNET&NOT_RESTRICTED&TRUSTED&NOT_VPN&NOT_VCN_MANAGED Uid: 10120 RequestorUid: 10120 RequestorPkg: com.google.android.googlequicksearchbox UnderlyingNetworks: Null] ] (release request)
01-21 22:47:54.513   551   756 I ConnectivityService: Update capabilities for net 100 : -FOREGROUND
01-21 22:47:54.526   293   293 I netd    : networkSetPermissionForNetwork(100, 1) <11.82ms>
01-21 22:47:56.047   318   318 E android.hardware.power.stats@1.0-service-mock: Failed to getEnergyData
01-21 22:47:57.244   551  2376 D WifiNl80211Manager: Scan result ready event
01-21 22:47:57.245   551  2376 D WifiNative: Scan result ready event
